2024-09-24 20:44:46,034 - INFO - Epoch 1/30
2024-09-24 21:03:41,062 - INFO - Epoch 1/30
2024-09-24 21:20:33,065 - INFO - Epoch 1, Train Loss: 1.6524, Train Accuracy: 69.03, Validation Loss: 0.4718, Validataion Accuracy: 86.79

2024-09-24 21:20:36,238 - INFO - Epoch 2/30
2024-09-24 21:37:34,192 - INFO - Epoch 2, Train Loss: 0.4695, Train Accuracy: 86.58, Validation Loss: 0.4260, Validataion Accuracy: 88.42

2024-09-24 21:37:47,189 - INFO - Epoch 3/30
2024-09-24 21:54:46,204 - INFO - Epoch 3, Train Loss: 0.3268, Train Accuracy: 90.49, Validation Loss: 0.4046, Validataion Accuracy: 89.75

2024-09-24 21:55:00,448 - INFO - Epoch 4/30
2024-09-24 22:12:03,030 - INFO - Epoch 4, Train Loss: 0.2599, Train Accuracy: 91.99, Validation Loss: 0.3952, Validataion Accuracy: 89.85

2024-09-24 22:12:18,681 - INFO - Epoch 5/30
2024-09-24 22:29:17,664 - INFO - Epoch 5, Train Loss: 0.2069, Train Accuracy: 93.71, Validation Loss: 0.4110, Validataion Accuracy: 90.35

2024-09-24 22:29:25,460 - INFO - Epoch 6/30
2024-09-24 22:46:25,273 - INFO - Epoch 6, Train Loss: 0.1898, Train Accuracy: 94.35, Validation Loss: 0.3970, Validataion Accuracy: 90.48

2024-09-24 22:46:32,923 - INFO - Epoch 7/30
2024-09-24 23:03:35,198 - INFO - Epoch 7, Train Loss: 0.1576, Train Accuracy: 95.10, Validation Loss: 0.4180, Validataion Accuracy: 90.85

2024-09-24 23:03:42,545 - INFO - Epoch 8/30
2024-09-24 23:20:43,911 - INFO - Epoch 8, Train Loss: 0.1552, Train Accuracy: 95.41, Validation Loss: 0.4285, Validataion Accuracy: 90.58

2024-09-24 23:20:43,911 - INFO - Epoch 9/30
2024-09-24 23:37:45,560 - INFO - Epoch 9, Train Loss: 0.1564, Train Accuracy: 95.34, Validation Loss: 0.4761, Validataion Accuracy: 90.22

2024-09-24 23:37:45,561 - INFO - Epoch 10/30
2024-09-24 23:54:47,532 - INFO - Epoch 10, Train Loss: 0.1311, Train Accuracy: 96.16, Validation Loss: 0.4517, Validataion Accuracy: 90.52

2024-09-24 23:54:47,532 - INFO - Epoch 11/30
2024-09-25 00:11:49,033 - INFO - Epoch 11, Train Loss: 0.0762, Train Accuracy: 97.64, Validation Loss: 0.3803, Validataion Accuracy: 91.18

2024-09-25 00:12:06,192 - INFO - Epoch 12/30
2024-09-25 00:29:07,388 - INFO - Epoch 12, Train Loss: 0.0477, Train Accuracy: 98.50, Validation Loss: 0.3717, Validataion Accuracy: 91.38

2024-09-25 00:29:22,779 - INFO - Epoch 13/30
2024-09-25 00:46:25,160 - INFO - Epoch 13, Train Loss: 0.0382, Train Accuracy: 98.65, Validation Loss: 0.3704, Validataion Accuracy: 91.78

2024-09-25 00:46:42,846 - INFO - Epoch 14/30
2024-09-25 01:03:43,928 - INFO - Epoch 14, Train Loss: 0.0307, Train Accuracy: 98.96, Validation Loss: 0.3720, Validataion Accuracy: 92.08

2024-09-25 01:03:53,705 - INFO - Epoch 15/30
2024-09-25 01:20:55,491 - INFO - Epoch 15, Train Loss: 0.0293, Train Accuracy: 98.98, Validation Loss: 0.3726, Validataion Accuracy: 91.78

2024-09-25 01:20:55,492 - INFO - Epoch 16/30
2024-09-25 01:37:57,919 - INFO - Epoch 16, Train Loss: 0.0270, Train Accuracy: 98.99, Validation Loss: 0.3727, Validataion Accuracy: 91.91

2024-09-25 01:37:57,919 - INFO - Epoch 17/30
2024-09-25 01:54:57,826 - INFO - Epoch 17, Train Loss: 0.0243, Train Accuracy: 99.04, Validation Loss: 0.3749, Validataion Accuracy: 91.98

2024-09-25 01:54:57,826 - INFO - Epoch 18/30
2024-09-25 02:12:00,792 - INFO - Epoch 18, Train Loss: 0.0250, Train Accuracy: 99.05, Validation Loss: 0.3776, Validataion Accuracy: 92.08

2024-09-25 02:12:00,793 - INFO - Epoch 19/30
2024-09-25 02:29:01,415 - INFO - Epoch 19, Train Loss: 0.0230, Train Accuracy: 99.05, Validation Loss: 0.3771, Validataion Accuracy: 92.05

2024-09-25 02:29:01,415 - INFO - Epoch 20/30
2024-09-25 02:46:03,919 - INFO - Epoch 20, Train Loss: 0.0217, Train Accuracy: 99.13, Validation Loss: 0.3815, Validataion Accuracy: 92.08

2024-09-25 02:46:03,920 - INFO - Epoch 21/30
2024-09-25 03:03:05,244 - INFO - Epoch 21, Train Loss: 0.0217, Train Accuracy: 99.21, Validation Loss: 0.3811, Validataion Accuracy: 92.18

2024-09-25 03:03:11,780 - INFO - Epoch 22/30
2024-09-25 03:20:13,301 - INFO - Epoch 22, Train Loss: 0.0187, Train Accuracy: 99.23, Validation Loss: 0.3808, Validataion Accuracy: 92.18

2024-09-25 03:20:13,302 - INFO - Epoch 23/30
2024-09-25 03:37:13,772 - INFO - Epoch 23, Train Loss: 0.0186, Train Accuracy: 99.31, Validation Loss: 0.3813, Validataion Accuracy: 92.21

2024-09-25 03:37:20,736 - INFO - Epoch 24/30
2024-09-25 03:54:22,957 - INFO - Epoch 24, Train Loss: 0.0197, Train Accuracy: 99.31, Validation Loss: 0.3811, Validataion Accuracy: 92.08

2024-09-25 03:54:22,957 - INFO - Epoch 25/30
2024-09-25 04:11:23,482 - INFO - Epoch 25, Train Loss: 0.0176, Train Accuracy: 99.38, Validation Loss: 0.3815, Validataion Accuracy: 92.18

2024-09-25 04:11:23,482 - INFO - Epoch 26/30
2024-09-25 04:28:25,546 - INFO - Epoch 26, Train Loss: 0.0194, Train Accuracy: 99.32, Validation Loss: 0.3815, Validataion Accuracy: 92.05

2024-09-25 04:28:25,547 - INFO - Epoch 27/30
2024-09-25 04:45:25,650 - INFO - Epoch 27, Train Loss: 0.0178, Train Accuracy: 99.33, Validation Loss: 0.3822, Validataion Accuracy: 92.11

2024-09-25 04:45:25,651 - INFO - Epoch 28/30
2024-09-25 05:02:27,239 - INFO - Epoch 28, Train Loss: 0.0177, Train Accuracy: 99.35, Validation Loss: 0.3826, Validataion Accuracy: 92.11

2024-09-25 05:02:27,239 - INFO - Epoch 29/30
2024-09-25 05:19:27,690 - INFO - Epoch 29, Train Loss: 0.0176, Train Accuracy: 99.28, Validation Loss: 0.3829, Validataion Accuracy: 92.15

2024-09-25 05:19:27,690 - INFO - Epoch 30/30
2024-09-25 05:36:28,842 - INFO - Epoch 30, Train Loss: 0.0175, Train Accuracy: 99.31, Validation Loss: 0.3832, Validataion Accuracy: 92.11

2024-09-25 05:36:33,640 - INFO - Loading pretrained weights from Hugging Face hub (timm/eva02_large_patch14_448.mim_m38m_ft_in22k_in1k)
2024-09-25 05:36:39,214 - INFO - [timm/eva02_large_patch14_448.mim_m38m_ft_in22k_in1k] Safe alternative available for 'pytorch_model.bin' (as 'model.safetensors'). Loading weights using safetensors.
2024-09-25 05:36:39,296 - INFO - Missing keys (head.weight, head.bias) discovered while loading pretrained weights. This is expected if model is being adapted.
2024-09-25 05:36:39,567 - INFO - Epoch 1/30
2024-09-25 05:53:29,126 - INFO - Epoch 1, Train Loss: 1.6157, Train Accuracy: 69.37, Validation Loss: 0.4980, Validataion Accuracy: 86.52

2024-09-25 05:53:32,474 - INFO - Epoch 2/30
2024-09-25 06:10:23,656 - INFO - Epoch 2, Train Loss: 0.4421, Train Accuracy: 87.71, Validation Loss: 0.4453, Validataion Accuracy: 88.42

2024-09-25 06:10:40,323 - INFO - Epoch 3/30
2024-09-25 06:27:32,048 - INFO - Epoch 3, Train Loss: 0.3238, Train Accuracy: 90.50, Validation Loss: 0.4184, Validataion Accuracy: 89.05

2024-09-25 06:27:48,822 - INFO - Epoch 4/30
2024-09-25 06:44:43,100 - INFO - Epoch 4, Train Loss: 0.2467, Train Accuracy: 92.56, Validation Loss: 0.4459, Validataion Accuracy: 89.55

2024-09-25 06:44:50,500 - INFO - Epoch 5/30
2024-09-25 07:01:47,055 - INFO - Epoch 5, Train Loss: 0.2209, Train Accuracy: 93.29, Validation Loss: 0.4138, Validataion Accuracy: 90.18

2024-09-25 07:02:02,730 - INFO - Epoch 6/30
2024-09-25 07:18:55,974 - INFO - Epoch 6, Train Loss: 0.2025, Train Accuracy: 93.90, Validation Loss: 0.4571, Validataion Accuracy: 89.75

2024-09-25 07:18:55,975 - INFO - Epoch 7/30
2024-09-25 07:35:48,512 - INFO - Epoch 7, Train Loss: 0.1649, Train Accuracy: 95.07, Validation Loss: 0.4719, Validataion Accuracy: 89.61

2024-09-25 07:35:48,513 - INFO - Epoch 8/30
2024-09-25 07:52:40,023 - INFO - Epoch 8, Train Loss: 0.1533, Train Accuracy: 95.58, Validation Loss: 0.5360, Validataion Accuracy: 89.75

2024-09-25 07:52:40,023 - INFO - Epoch 9/30
2024-09-25 08:09:33,657 - INFO - Epoch 9, Train Loss: 0.1382, Train Accuracy: 95.86, Validation Loss: 0.5012, Validataion Accuracy: 90.31

2024-09-25 08:09:42,327 - INFO - Epoch 10/30
2024-09-25 08:26:31,927 - INFO - Epoch 10, Train Loss: 0.1220, Train Accuracy: 96.50, Validation Loss: 0.4533, Validataion Accuracy: 90.58

2024-09-25 08:26:40,553 - INFO - Epoch 11/30
2024-09-25 08:43:34,428 - INFO - Epoch 11, Train Loss: 0.0700, Train Accuracy: 97.89, Validation Loss: 0.3950, Validataion Accuracy: 91.88

2024-09-25 08:43:50,001 - INFO - Epoch 12/30
2024-09-25 09:00:42,201 - INFO - Epoch 12, Train Loss: 0.0444, Train Accuracy: 98.61, Validation Loss: 0.3919, Validataion Accuracy: 92.18

2024-09-25 09:00:57,321 - INFO - Epoch 13/30
2024-09-25 09:17:50,957 - INFO - Epoch 13, Train Loss: 0.0306, Train Accuracy: 99.03, Validation Loss: 0.3938, Validataion Accuracy: 92.08

2024-09-25 09:17:50,957 - INFO - Epoch 14/30
2024-09-25 09:34:46,079 - INFO - Epoch 14, Train Loss: 0.0328, Train Accuracy: 98.88, Validation Loss: 0.3929, Validataion Accuracy: 92.04

2024-09-25 09:34:46,080 - INFO - Epoch 15/30
2024-09-25 09:51:37,863 - INFO - Epoch 15, Train Loss: 0.0270, Train Accuracy: 99.03, Validation Loss: 0.3954, Validataion Accuracy: 91.98

2024-09-25 09:51:37,864 - INFO - Epoch 16/30
2024-09-25 10:08:31,304 - INFO - Epoch 16, Train Loss: 0.0268, Train Accuracy: 99.08, Validation Loss: 0.3989, Validataion Accuracy: 92.14

2024-09-25 10:08:31,304 - INFO - Epoch 17/30
2024-09-25 10:25:24,229 - INFO - Epoch 17, Train Loss: 0.0228, Train Accuracy: 99.17, Validation Loss: 0.4036, Validataion Accuracy: 91.98

2024-09-25 10:25:24,230 - INFO - Epoch 18/30
2024-09-25 10:42:15,777 - INFO - Epoch 18, Train Loss: 0.0224, Train Accuracy: 99.20, Validation Loss: 0.4048, Validataion Accuracy: 92.14

2024-09-25 10:42:15,777 - INFO - Epoch 19/30
2024-09-25 10:59:07,907 - INFO - Epoch 19, Train Loss: 0.0226, Train Accuracy: 99.23, Validation Loss: 0.4121, Validataion Accuracy: 92.01

2024-09-25 10:59:07,908 - INFO - Epoch 20/30
2024-09-25 11:15:59,161 - INFO - Epoch 20, Train Loss: 0.0227, Train Accuracy: 99.13, Validation Loss: 0.4144, Validataion Accuracy: 92.08

2024-09-25 11:15:59,162 - INFO - Epoch 21/30
2024-09-25 11:32:53,764 - INFO - Epoch 21, Train Loss: 0.0185, Train Accuracy: 99.29, Validation Loss: 0.4142, Validataion Accuracy: 92.08

2024-09-25 11:32:53,765 - INFO - Epoch 22/30
2024-09-25 11:49:47,491 - INFO - Epoch 22, Train Loss: 0.0174, Train Accuracy: 99.37, Validation Loss: 0.4137, Validataion Accuracy: 92.04

2024-09-25 11:49:47,492 - INFO - Epoch 23/30
2024-09-25 12:06:40,333 - INFO - Epoch 23, Train Loss: 0.0170, Train Accuracy: 99.33, Validation Loss: 0.4138, Validataion Accuracy: 92.04

2024-09-25 12:06:40,333 - INFO - Epoch 24/30
2024-09-25 12:23:34,806 - INFO - Epoch 24, Train Loss: 0.0160, Train Accuracy: 99.37, Validation Loss: 0.4140, Validataion Accuracy: 92.01

2024-09-25 12:23:34,807 - INFO - Epoch 25/30
2024-09-25 12:40:28,322 - INFO - Epoch 25, Train Loss: 0.0171, Train Accuracy: 99.38, Validation Loss: 0.4139, Validataion Accuracy: 92.04

2024-09-25 12:40:28,322 - INFO - Epoch 26/30
2024-09-25 12:57:19,987 - INFO - Epoch 26, Train Loss: 0.0151, Train Accuracy: 99.44, Validation Loss: 0.4143, Validataion Accuracy: 92.04

2024-09-25 12:57:19,988 - INFO - Epoch 27/30
2024-09-25 13:14:10,016 - INFO - Epoch 27, Train Loss: 0.0172, Train Accuracy: 99.37, Validation Loss: 0.4145, Validataion Accuracy: 92.14

2024-09-25 13:14:10,017 - INFO - Epoch 28/30
2024-09-25 13:31:03,202 - INFO - Epoch 28, Train Loss: 0.0179, Train Accuracy: 99.35, Validation Loss: 0.4148, Validataion Accuracy: 92.08

2024-09-25 13:31:03,202 - INFO - Epoch 29/30
2024-09-25 13:47:56,369 - INFO - Epoch 29, Train Loss: 0.0153, Train Accuracy: 99.40, Validation Loss: 0.4153, Validataion Accuracy: 92.11

2024-09-25 13:47:56,370 - INFO - Epoch 30/30
2024-09-25 14:04:47,740 - INFO - Epoch 30, Train Loss: 0.0154, Train Accuracy: 99.40, Validation Loss: 0.4162, Validataion Accuracy: 92.08

2024-09-25 14:04:52,207 - INFO - Loading pretrained weights from Hugging Face hub (timm/eva02_large_patch14_448.mim_m38m_ft_in22k_in1k)
2024-09-25 14:04:52,471 - INFO - [timm/eva02_large_patch14_448.mim_m38m_ft_in22k_in1k] Safe alternative available for 'pytorch_model.bin' (as 'model.safetensors'). Loading weights using safetensors.
2024-09-25 14:04:52,566 - INFO - Missing keys (head.weight, head.bias) discovered while loading pretrained weights. This is expected if model is being adapted.
2024-09-25 14:04:52,852 - INFO - Epoch 1/30
2024-09-25 14:21:45,882 - INFO - Epoch 1, Train Loss: 1.6460, Train Accuracy: 68.78, Validation Loss: 0.4522, Validataion Accuracy: 86.78

2024-09-25 14:21:49,227 - INFO - Epoch 2/30
2024-09-25 14:38:41,767 - INFO - Epoch 2, Train Loss: 0.4646, Train Accuracy: 86.94, Validation Loss: 0.4312, Validataion Accuracy: 87.55

2024-09-25 14:38:56,490 - INFO - Epoch 3/30
2024-09-25 14:55:47,060 - INFO - Epoch 3, Train Loss: 0.3268, Train Accuracy: 90.25, Validation Loss: 0.4390, Validataion Accuracy: 88.25

2024-09-25 14:55:54,363 - INFO - Epoch 4/30
2024-09-25 15:12:48,901 - INFO - Epoch 4, Train Loss: 0.2451, Train Accuracy: 92.57, Validation Loss: 0.3831, Validataion Accuracy: 90.08

2024-09-25 15:13:05,141 - INFO - Epoch 5/30
2024-09-25 15:29:57,952 - INFO - Epoch 5, Train Loss: 0.2043, Train Accuracy: 93.86, Validation Loss: 0.4209, Validataion Accuracy: 89.38

2024-09-25 15:29:57,953 - INFO - Epoch 6/30
2024-09-25 15:46:50,864 - INFO - Epoch 6, Train Loss: 0.1892, Train Accuracy: 94.41, Validation Loss: 0.3999, Validataion Accuracy: 89.95

2024-09-25 15:46:50,864 - INFO - Epoch 7/30
2024-09-25 16:03:42,640 - INFO - Epoch 7, Train Loss: 0.1626, Train Accuracy: 94.90, Validation Loss: 0.4670, Validataion Accuracy: 89.38

2024-09-25 16:03:42,641 - INFO - Epoch 8/30
2024-09-25 16:20:34,134 - INFO - Epoch 8, Train Loss: 0.1484, Train Accuracy: 95.64, Validation Loss: 0.4439, Validataion Accuracy: 89.38

2024-09-25 16:20:34,134 - INFO - Epoch 9/30
2024-09-25 16:37:25,773 - INFO - Epoch 9, Train Loss: 0.1320, Train Accuracy: 96.11, Validation Loss: 0.4580, Validataion Accuracy: 89.95

2024-09-25 16:37:25,774 - INFO - Epoch 10/30
2024-09-25 16:54:17,973 - INFO - Epoch 10, Train Loss: 0.1340, Train Accuracy: 96.11, Validation Loss: 0.4674, Validataion Accuracy: 89.25

2024-09-25 16:54:17,973 - INFO - Epoch 11/30
2024-09-25 17:11:12,148 - INFO - Epoch 11, Train Loss: 0.0823, Train Accuracy: 97.60, Validation Loss: 0.3715, Validataion Accuracy: 91.25

2024-09-25 17:11:29,125 - INFO - Epoch 12/30
2024-09-25 17:28:22,524 - INFO - Epoch 12, Train Loss: 0.0434, Train Accuracy: 98.57, Validation Loss: 0.3616, Validataion Accuracy: 91.64

2024-09-25 17:28:38,622 - INFO - Epoch 13/30
2024-09-25 17:45:32,093 - INFO - Epoch 13, Train Loss: 0.0382, Train Accuracy: 98.77, Validation Loss: 0.3564, Validataion Accuracy: 91.68

2024-09-25 17:45:48,504 - INFO - Epoch 14/30
2024-09-25 18:02:42,262 - INFO - Epoch 14, Train Loss: 0.0347, Train Accuracy: 98.89, Validation Loss: 0.3547, Validataion Accuracy: 91.84

2024-09-25 18:02:57,252 - INFO - Epoch 15/30
2024-09-25 18:19:51,025 - INFO - Epoch 15, Train Loss: 0.0316, Train Accuracy: 98.90, Validation Loss: 0.3585, Validataion Accuracy: 91.51

2024-09-25 18:19:51,026 - INFO - Epoch 16/30
2024-09-25 18:36:42,789 - INFO - Epoch 16, Train Loss: 0.0277, Train Accuracy: 98.95, Validation Loss: 0.3616, Validataion Accuracy: 91.78

2024-09-25 18:36:42,790 - INFO - Epoch 17/30
2024-09-25 18:53:35,064 - INFO - Epoch 17, Train Loss: 0.0262, Train Accuracy: 98.98, Validation Loss: 0.3647, Validataion Accuracy: 91.68

2024-09-25 18:53:35,064 - INFO - Epoch 18/30
2024-09-25 19:10:27,820 - INFO - Epoch 18, Train Loss: 0.0256, Train Accuracy: 99.12, Validation Loss: 0.3604, Validataion Accuracy: 91.81

2024-09-25 19:10:27,820 - INFO - Epoch 19/30
2024-09-25 19:27:21,873 - INFO - Epoch 19, Train Loss: 0.0238, Train Accuracy: 99.02, Validation Loss: 0.3661, Validataion Accuracy: 91.74

2024-09-25 19:27:21,874 - INFO - Epoch 20/30
2024-09-25 19:44:13,929 - INFO - Epoch 20, Train Loss: 0.0231, Train Accuracy: 99.03, Validation Loss: 0.3662, Validataion Accuracy: 91.91

2024-09-25 19:44:20,887 - INFO - Epoch 21/30
2024-09-25 20:01:12,901 - INFO - Epoch 21, Train Loss: 0.0194, Train Accuracy: 99.30, Validation Loss: 0.3664, Validataion Accuracy: 91.84

2024-09-25 20:01:12,901 - INFO - Epoch 22/30
2024-09-25 20:18:06,854 - INFO - Epoch 22, Train Loss: 0.0197, Train Accuracy: 99.25, Validation Loss: 0.3663, Validataion Accuracy: 91.94

2024-09-25 20:18:14,861 - INFO - Epoch 23/30
2024-09-25 20:35:08,082 - INFO - Epoch 23, Train Loss: 0.0193, Train Accuracy: 99.27, Validation Loss: 0.3669, Validataion Accuracy: 91.98

2024-09-25 20:35:16,138 - INFO - Epoch 24/30
2024-09-25 20:52:12,308 - INFO - Epoch 24, Train Loss: 0.0185, Train Accuracy: 99.28, Validation Loss: 0.3668, Validataion Accuracy: 91.94

2024-09-25 20:52:12,308 - INFO - Epoch 25/30
2024-09-25 21:09:06,443 - INFO - Epoch 25, Train Loss: 0.0176, Train Accuracy: 99.37, Validation Loss: 0.3673, Validataion Accuracy: 91.98

2024-09-25 21:09:06,444 - INFO - Epoch 26/30
2024-09-25 21:26:00,022 - INFO - Epoch 26, Train Loss: 0.0177, Train Accuracy: 99.33, Validation Loss: 0.3672, Validataion Accuracy: 91.98

2024-09-25 21:26:00,022 - INFO - Epoch 27/30
2024-09-25 21:42:55,041 - INFO - Epoch 27, Train Loss: 0.0171, Train Accuracy: 99.38, Validation Loss: 0.3673, Validataion Accuracy: 91.94

2024-09-25 21:42:55,042 - INFO - Epoch 28/30
2024-09-25 21:59:50,369 - INFO - Epoch 28, Train Loss: 0.0186, Train Accuracy: 99.34, Validation Loss: 0.3675, Validataion Accuracy: 91.88

2024-09-25 21:59:50,369 - INFO - Epoch 29/30
2024-09-25 22:16:42,118 - INFO - Epoch 29, Train Loss: 0.0182, Train Accuracy: 99.31, Validation Loss: 0.3679, Validataion Accuracy: 91.88

2024-09-25 22:16:42,119 - INFO - Epoch 30/30
2024-09-25 22:33:35,383 - INFO - Epoch 30, Train Loss: 0.0191, Train Accuracy: 99.36, Validation Loss: 0.3683, Validataion Accuracy: 91.94

2024-09-25 22:33:40,280 - INFO - Loading pretrained weights from Hugging Face hub (timm/eva02_large_patch14_448.mim_m38m_ft_in22k_in1k)
2024-09-25 22:33:40,736 - INFO - [timm/eva02_large_patch14_448.mim_m38m_ft_in22k_in1k] Safe alternative available for 'pytorch_model.bin' (as 'model.safetensors'). Loading weights using safetensors.
2024-09-25 22:33:40,817 - INFO - Missing keys (head.weight, head.bias) discovered while loading pretrained weights. This is expected if model is being adapted.
2024-09-25 22:33:41,090 - INFO - Epoch 1/30
2024-09-25 22:50:33,483 - INFO - Epoch 1, Train Loss: 1.6199, Train Accuracy: 69.33, Validation Loss: 0.4757, Validataion Accuracy: 86.82

2024-09-25 22:50:36,714 - INFO - Epoch 2/30
2024-09-25 23:07:30,528 - INFO - Epoch 2, Train Loss: 0.4642, Train Accuracy: 86.73, Validation Loss: 0.4561, Validataion Accuracy: 88.02

2024-09-25 23:07:46,042 - INFO - Epoch 3/30
2024-09-25 23:24:36,728 - INFO - Epoch 3, Train Loss: 0.3115, Train Accuracy: 90.32, Validation Loss: 0.4694, Validataion Accuracy: 88.02

2024-09-25 23:24:36,729 - INFO - Epoch 4/30
2024-09-25 23:41:30,140 - INFO - Epoch 4, Train Loss: 0.2529, Train Accuracy: 92.27, Validation Loss: 0.4618, Validataion Accuracy: 88.58

2024-09-25 23:41:37,642 - INFO - Epoch 5/30
2024-09-25 23:58:30,072 - INFO - Epoch 5, Train Loss: 0.2099, Train Accuracy: 93.55, Validation Loss: 0.4499, Validataion Accuracy: 89.51

2024-09-25 23:58:44,285 - INFO - Epoch 6/30
2024-09-26 00:15:35,256 - INFO - Epoch 6, Train Loss: 0.1868, Train Accuracy: 94.34, Validation Loss: 0.4809, Validataion Accuracy: 90.18

2024-09-26 00:15:43,721 - INFO - Epoch 7/30
2024-09-26 00:32:35,349 - INFO - Epoch 7, Train Loss: 0.1635, Train Accuracy: 95.16, Validation Loss: 0.4998, Validataion Accuracy: 89.68

2024-09-26 00:32:35,350 - INFO - Epoch 8/30
2024-09-26 00:49:27,884 - INFO - Epoch 8, Train Loss: 0.1507, Train Accuracy: 95.72, Validation Loss: 0.4843, Validataion Accuracy: 89.81

2024-09-26 00:49:27,885 - INFO - Epoch 9/30
2024-09-26 01:06:21,315 - INFO - Epoch 9, Train Loss: 0.1440, Train Accuracy: 95.86, Validation Loss: 0.5437, Validataion Accuracy: 89.61

2024-09-26 01:06:21,315 - INFO - Epoch 10/30
2024-09-26 01:23:13,139 - INFO - Epoch 10, Train Loss: 0.1359, Train Accuracy: 95.85, Validation Loss: 0.5199, Validataion Accuracy: 89.71

2024-09-26 01:23:13,140 - INFO - Epoch 11/30
2024-09-26 01:40:08,536 - INFO - Epoch 11, Train Loss: 0.0750, Train Accuracy: 97.71, Validation Loss: 0.4482, Validataion Accuracy: 91.31

2024-09-26 01:40:22,814 - INFO - Epoch 12/30
2024-09-26 01:57:14,407 - INFO - Epoch 12, Train Loss: 0.0444, Train Accuracy: 98.61, Validation Loss: 0.4425, Validataion Accuracy: 91.91

2024-09-26 01:57:29,068 - INFO - Epoch 13/30
2024-09-26 02:14:23,052 - INFO - Epoch 13, Train Loss: 0.0364, Train Accuracy: 98.83, Validation Loss: 0.4421, Validataion Accuracy: 91.91

2024-09-26 02:14:31,160 - INFO - Epoch 14/30
2024-09-26 02:31:22,315 - INFO - Epoch 14, Train Loss: 0.0340, Train Accuracy: 98.81, Validation Loss: 0.4393, Validataion Accuracy: 91.98

2024-09-26 02:31:40,951 - INFO - Epoch 15/30
2024-09-26 02:48:33,402 - INFO - Epoch 15, Train Loss: 0.0270, Train Accuracy: 99.07, Validation Loss: 0.4417, Validataion Accuracy: 92.04

2024-09-26 02:48:40,624 - INFO - Epoch 16/30
2024-09-26 03:05:36,202 - INFO - Epoch 16, Train Loss: 0.0277, Train Accuracy: 99.01, Validation Loss: 0.4449, Validataion Accuracy: 91.98

2024-09-26 03:05:36,202 - INFO - Epoch 17/30
2024-09-26 03:22:26,304 - INFO - Epoch 17, Train Loss: 0.0260, Train Accuracy: 98.97, Validation Loss: 0.4463, Validataion Accuracy: 92.04

2024-09-26 03:22:26,304 - INFO - Epoch 18/30
2024-09-26 03:39:18,780 - INFO - Epoch 18, Train Loss: 0.0250, Train Accuracy: 99.04, Validation Loss: 0.4478, Validataion Accuracy: 91.88

2024-09-26 03:39:18,781 - INFO - Epoch 19/30
2024-09-26 03:56:13,484 - INFO - Epoch 19, Train Loss: 0.0252, Train Accuracy: 99.00, Validation Loss: 0.4509, Validataion Accuracy: 92.08

2024-09-26 03:56:20,730 - INFO - Epoch 20/30
2024-09-26 04:13:12,917 - INFO - Epoch 20, Train Loss: 0.0227, Train Accuracy: 99.08, Validation Loss: 0.4509, Validataion Accuracy: 92.21

2024-09-26 04:13:21,527 - INFO - Epoch 21/30
2024-09-26 04:30:17,319 - INFO - Epoch 21, Train Loss: 0.0207, Train Accuracy: 99.23, Validation Loss: 0.4506, Validataion Accuracy: 92.24

2024-09-26 04:30:24,108 - INFO - Epoch 22/30
2024-09-26 04:47:17,047 - INFO - Epoch 22, Train Loss: 0.0191, Train Accuracy: 99.24, Validation Loss: 0.4505, Validataion Accuracy: 92.21

2024-09-26 04:47:17,048 - INFO - Epoch 23/30
2024-09-26 05:04:09,926 - INFO - Epoch 23, Train Loss: 0.0186, Train Accuracy: 99.29, Validation Loss: 0.4508, Validataion Accuracy: 92.18

2024-09-26 05:04:09,926 - INFO - Epoch 24/30
2024-09-26 05:21:00,802 - INFO - Epoch 24, Train Loss: 0.0199, Train Accuracy: 99.18, Validation Loss: 0.4512, Validataion Accuracy: 92.21

2024-09-26 05:21:00,802 - INFO - Epoch 25/30
2024-09-26 05:37:53,834 - INFO - Epoch 25, Train Loss: 0.0184, Train Accuracy: 99.25, Validation Loss: 0.4519, Validataion Accuracy: 92.04

2024-09-26 05:37:53,834 - INFO - Epoch 26/30
2024-09-26 05:54:45,159 - INFO - Epoch 26, Train Loss: 0.0189, Train Accuracy: 99.26, Validation Loss: 0.4521, Validataion Accuracy: 92.04

2024-09-26 05:54:45,159 - INFO - Epoch 27/30
2024-09-26 06:11:37,171 - INFO - Epoch 27, Train Loss: 0.0185, Train Accuracy: 99.31, Validation Loss: 0.4526, Validataion Accuracy: 92.08

2024-09-26 06:11:37,171 - INFO - Epoch 28/30
2024-09-26 06:28:30,266 - INFO - Epoch 28, Train Loss: 0.0190, Train Accuracy: 99.20, Validation Loss: 0.4532, Validataion Accuracy: 92.08

2024-09-26 06:28:30,267 - INFO - Epoch 29/30
2024-09-26 06:45:23,626 - INFO - Epoch 29, Train Loss: 0.0192, Train Accuracy: 99.23, Validation Loss: 0.4543, Validataion Accuracy: 92.11

2024-09-26 06:45:23,627 - INFO - Epoch 30/30
2024-09-26 07:02:16,413 - INFO - Epoch 30, Train Loss: 0.0184, Train Accuracy: 99.23, Validation Loss: 0.4544, Validataion Accuracy: 92.14

2024-09-26 07:02:20,852 - INFO - Loading pretrained weights from Hugging Face hub (timm/eva02_large_patch14_448.mim_m38m_ft_in22k_in1k)
2024-09-26 07:02:21,134 - INFO - [timm/eva02_large_patch14_448.mim_m38m_ft_in22k_in1k] Safe alternative available for 'pytorch_model.bin' (as 'model.safetensors'). Loading weights using safetensors.
2024-09-26 07:02:21,214 - INFO - Missing keys (head.weight, head.bias) discovered while loading pretrained weights. This is expected if model is being adapted.
2024-09-26 07:02:21,487 - INFO - Epoch 1/30
2024-09-26 07:19:13,618 - INFO - Epoch 1, Train Loss: 1.6236, Train Accuracy: 69.24, Validation Loss: 0.5074, Validataion Accuracy: 86.09

2024-09-26 07:19:16,913 - INFO - Epoch 2/30
2024-09-26 07:36:10,616 - INFO - Epoch 2, Train Loss: 0.4394, Train Accuracy: 87.13, Validation Loss: 0.4692, Validataion Accuracy: 87.85

2024-09-26 07:36:26,494 - INFO - Epoch 3/30
2024-09-26 07:53:21,257 - INFO - Epoch 3, Train Loss: 0.3167, Train Accuracy: 90.70, Validation Loss: 0.4389, Validataion Accuracy: 88.78

2024-09-26 07:53:38,151 - INFO - Epoch 4/30
2024-09-26 08:10:31,889 - INFO - Epoch 4, Train Loss: 0.2501, Train Accuracy: 92.56, Validation Loss: 0.4589, Validataion Accuracy: 88.52

2024-09-26 08:10:31,890 - INFO - Epoch 5/30
2024-09-26 08:27:25,432 - INFO - Epoch 5, Train Loss: 0.2151, Train Accuracy: 93.23, Validation Loss: 0.4239, Validataion Accuracy: 89.75

2024-09-26 08:27:41,463 - INFO - Epoch 6/30
2024-09-26 08:44:35,087 - INFO - Epoch 6, Train Loss: 0.1805, Train Accuracy: 94.71, Validation Loss: 0.4404, Validataion Accuracy: 89.45

2024-09-26 08:44:35,088 - INFO - Epoch 7/30
2024-09-26 09:01:27,121 - INFO - Epoch 7, Train Loss: 0.1588, Train Accuracy: 94.97, Validation Loss: 0.4676, Validataion Accuracy: 89.18

2024-09-26 09:01:27,121 - INFO - Epoch 8/30
2024-09-26 09:18:20,062 - INFO - Epoch 8, Train Loss: 0.1501, Train Accuracy: 95.63, Validation Loss: 0.4841, Validataion Accuracy: 89.05

2024-09-26 09:18:20,062 - INFO - Epoch 9/30
2024-09-26 09:35:14,830 - INFO - Epoch 9, Train Loss: 0.1255, Train Accuracy: 96.16, Validation Loss: 0.4793, Validataion Accuracy: 89.51

2024-09-26 09:35:14,831 - INFO - Epoch 10/30
2024-09-26 09:52:09,505 - INFO - Epoch 10, Train Loss: 0.1339, Train Accuracy: 96.27, Validation Loss: 0.4921, Validataion Accuracy: 90.18

2024-09-26 09:52:17,234 - INFO - Epoch 11/30
2024-09-26 10:09:10,795 - INFO - Epoch 11, Train Loss: 0.0679, Train Accuracy: 98.03, Validation Loss: 0.4372, Validataion Accuracy: 90.91

2024-09-26 10:09:18,536 - INFO - Epoch 12/30
2024-09-26 10:26:12,869 - INFO - Epoch 12, Train Loss: 0.0423, Train Accuracy: 98.58, Validation Loss: 0.4292, Validataion Accuracy: 91.08

2024-09-26 10:26:20,091 - INFO - Epoch 13/30
2024-09-26 10:43:15,701 - INFO - Epoch 13, Train Loss: 0.0330, Train Accuracy: 98.88, Validation Loss: 0.4255, Validataion Accuracy: 91.21

2024-09-26 10:43:23,263 - INFO - Epoch 14/30
2024-09-26 11:00:17,863 - INFO - Epoch 14, Train Loss: 0.0273, Train Accuracy: 99.03, Validation Loss: 0.4292, Validataion Accuracy: 91.18

2024-09-26 11:00:17,863 - INFO - Epoch 15/30
2024-09-26 11:17:09,495 - INFO - Epoch 15, Train Loss: 0.0268, Train Accuracy: 99.09, Validation Loss: 0.4244, Validataion Accuracy: 91.28

2024-09-26 11:17:16,926 - INFO - Epoch 16/30
2024-09-26 11:34:10,017 - INFO - Epoch 16, Train Loss: 0.0255, Train Accuracy: 99.08, Validation Loss: 0.4249, Validataion Accuracy: 91.41

2024-09-26 11:34:17,312 - INFO - Epoch 17/30
2024-09-26 11:51:10,006 - INFO - Epoch 17, Train Loss: 0.0239, Train Accuracy: 99.08, Validation Loss: 0.4275, Validataion Accuracy: 91.18

2024-09-26 11:51:10,007 - INFO - Epoch 18/30
2024-09-26 12:08:00,868 - INFO - Epoch 18, Train Loss: 0.0224, Train Accuracy: 99.23, Validation Loss: 0.4315, Validataion Accuracy: 91.15

2024-09-26 12:08:00,869 - INFO - Epoch 19/30
2024-09-26 12:24:57,482 - INFO - Epoch 19, Train Loss: 0.0212, Train Accuracy: 99.16, Validation Loss: 0.4287, Validataion Accuracy: 91.05

2024-09-26 12:24:57,482 - INFO - Epoch 20/30
2024-09-26 12:41:51,123 - INFO - Epoch 20, Train Loss: 0.0228, Train Accuracy: 99.13, Validation Loss: 0.4333, Validataion Accuracy: 91.31

2024-09-26 12:41:51,124 - INFO - Epoch 21/30
2024-09-26 12:58:44,150 - INFO - Epoch 21, Train Loss: 0.0159, Train Accuracy: 99.45, Validation Loss: 0.4320, Validataion Accuracy: 91.41

2024-09-26 12:58:44,150 - INFO - Epoch 22/30
2024-09-26 13:15:35,175 - INFO - Epoch 22, Train Loss: 0.0181, Train Accuracy: 99.37, Validation Loss: 0.4321, Validataion Accuracy: 91.34

2024-09-26 13:15:35,176 - INFO - Epoch 23/30
2024-09-26 13:32:30,418 - INFO - Epoch 23, Train Loss: 0.0183, Train Accuracy: 99.31, Validation Loss: 0.4319, Validataion Accuracy: 91.44

2024-09-26 13:32:37,236 - INFO - Epoch 24/30
2024-09-26 13:49:33,235 - INFO - Epoch 24, Train Loss: 0.0163, Train Accuracy: 99.39, Validation Loss: 0.4321, Validataion Accuracy: 91.44

2024-09-26 13:49:33,236 - INFO - Epoch 25/30
