2024-09-23 23:03:43,590 - INFO - Epoch 1/16
2024-09-23 23:20:43,750 - INFO - Epoch 1, Train Loss: 2.4840, Train Accuracy: 73.30, Validation Loss: 1.3733, Validation Accuracy: 88.58

2024-09-23 23:20:47,019 - INFO - Epoch 2/16
2024-09-23 23:37:47,093 - INFO - Epoch 2, Train Loss: 1.2500, Train Accuracy: 91.04, Validation Loss: 1.3333, Validation Accuracy: 89.51

2024-09-23 23:37:55,559 - INFO - Epoch 3/16
2024-09-23 23:54:51,691 - INFO - Epoch 3, Train Loss: 1.1475, Train Accuracy: 94.57, Validation Loss: 1.3238, Validation Accuracy: 90.09

2024-09-23 23:55:00,700 - INFO - Epoch 4/16
2024-09-24 00:11:58,381 - INFO - Epoch 4, Train Loss: 1.1064, Train Accuracy: 96.00, Validation Loss: 1.3137, Validation Accuracy: 90.45

2024-09-24 00:12:09,127 - INFO - Epoch 5/16
2024-09-24 00:29:08,184 - INFO - Epoch 5, Train Loss: 1.0536, Train Accuracy: 97.94, Validation Loss: 1.2657, Validation Accuracy: 91.77

2024-09-24 00:29:18,646 - INFO - Epoch 6/16
2024-09-24 00:46:17,737 - INFO - Epoch 6, Train Loss: 1.0319, Train Accuracy: 98.60, Validation Loss: 1.2612, Validation Accuracy: 92.07

2024-09-24 00:46:29,001 - INFO - Epoch 7/16
2024-09-24 01:03:25,645 - INFO - Epoch 7, Train Loss: 1.0271, Train Accuracy: 98.70, Validation Loss: 1.2613, Validation Accuracy: 92.01

2024-09-24 01:03:27,436 - INFO - Epoch 8/16
2024-09-24 01:20:26,764 - INFO - Epoch 8, Train Loss: 1.0226, Train Accuracy: 98.85, Validation Loss: 1.2616, Validation Accuracy: 92.09

2024-09-24 01:20:28,558 - INFO - Epoch 9/16
2024-09-24 01:37:27,515 - INFO - Epoch 9, Train Loss: 1.0149, Train Accuracy: 99.15, Validation Loss: 1.2637, Validation Accuracy: 92.05

2024-09-24 01:37:29,333 - INFO - Epoch 10/16
2024-09-24 01:54:29,913 - INFO - Epoch 10, Train Loss: 1.0155, Train Accuracy: 99.14, Validation Loss: 1.2623, Validation Accuracy: 92.05

2024-09-24 01:54:31,716 - INFO - Epoch 11/16
2024-09-24 02:11:32,156 - INFO - Epoch 11, Train Loss: 1.0149, Train Accuracy: 99.12, Validation Loss: 1.2617, Validation Accuracy: 92.11

2024-09-24 02:11:33,973 - INFO - Epoch 12/16
2024-09-24 02:28:32,462 - INFO - Epoch 12, Train Loss: 1.0147, Train Accuracy: 99.09, Validation Loss: 1.2619, Validation Accuracy: 92.09

2024-09-24 02:28:34,273 - INFO - Epoch 13/16
2024-09-24 02:45:33,819 - INFO - Epoch 13, Train Loss: 1.0125, Train Accuracy: 99.26, Validation Loss: 1.2616, Validation Accuracy: 92.09

2024-09-24 02:45:35,618 - INFO - Epoch 14/16
2024-09-24 03:02:33,986 - INFO - Epoch 14, Train Loss: 1.0140, Train Accuracy: 99.17, Validation Loss: 1.2623, Validation Accuracy: 92.05

2024-09-24 03:02:35,809 - INFO - Epoch 15/16
2024-09-24 03:19:32,558 - INFO - Epoch 15, Train Loss: 1.0128, Train Accuracy: 99.27, Validation Loss: 1.2621, Validation Accuracy: 92.09

2024-09-24 03:19:34,363 - INFO - Epoch 16/16
2024-09-24 03:36:33,405 - INFO - Epoch 16, Train Loss: 1.0129, Train Accuracy: 99.20, Validation Loss: 1.2619, Validation Accuracy: 92.07

2024-09-24 03:36:40,000 - INFO - Loading pretrained weights from Hugging Face hub (timm/eva02_large_patch14_448.mim_m38m_ft_in22k_in1k)
2024-09-24 03:36:40,457 - INFO - [timm/eva02_large_patch14_448.mim_m38m_ft_in22k_in1k] Safe alternative available for 'pytorch_model.bin' (as 'model.safetensors'). Loading weights using safetensors.
2024-09-24 03:36:40,537 - INFO - Missing keys (head.weight, head.bias) discovered while loading pretrained weights. This is expected if model is being adapted.
2024-09-24 03:36:40,813 - INFO - Epoch 1/16
2024-09-24 03:53:32,569 - INFO - Epoch 1, Train Loss: 2.4632, Train Accuracy: 74.11, Validation Loss: 1.3983, Validation Accuracy: 86.90

2024-09-24 03:53:35,969 - INFO - Epoch 2/16
2024-09-24 04:10:31,573 - INFO - Epoch 2, Train Loss: 1.2375, Train Accuracy: 91.90, Validation Loss: 1.3454, Validation Accuracy: 89.00

2024-09-24 04:10:41,661 - INFO - Epoch 3/16
2024-09-24 04:27:36,944 - INFO - Epoch 3, Train Loss: 1.1411, Train Accuracy: 94.80, Validation Loss: 1.3209, Validation Accuracy: 90.05

2024-09-24 04:27:45,846 - INFO - Epoch 4/16
2024-09-24 04:44:39,288 - INFO - Epoch 4, Train Loss: 1.0969, Train Accuracy: 96.41, Validation Loss: 1.3379, Validation Accuracy: 89.47

2024-09-24 04:44:41,036 - INFO - Epoch 5/16
2024-09-24 05:01:35,529 - INFO - Epoch 5, Train Loss: 1.0474, Train Accuracy: 98.20, Validation Loss: 1.2916, Validation Accuracy: 90.77

2024-09-24 05:01:46,195 - INFO - Epoch 6/16
2024-09-24 05:18:42,068 - INFO - Epoch 6, Train Loss: 1.0297, Train Accuracy: 98.67, Validation Loss: 1.2885, Validation Accuracy: 90.97

2024-09-24 05:18:51,289 - INFO - Epoch 7/16
2024-09-24 05:35:45,333 - INFO - Epoch 7, Train Loss: 1.0228, Train Accuracy: 98.76, Validation Loss: 1.2877, Validation Accuracy: 90.85

2024-09-24 05:35:54,498 - INFO - Epoch 8/16
2024-09-24 05:52:50,000 - INFO - Epoch 8, Train Loss: 1.0195, Train Accuracy: 98.88, Validation Loss: 1.2872, Validation Accuracy: 90.87

2024-09-24 05:52:59,300 - INFO - Epoch 9/16
2024-09-24 06:09:50,255 - INFO - Epoch 9, Train Loss: 1.0145, Train Accuracy: 99.10, Validation Loss: 1.2878, Validation Accuracy: 90.85

2024-09-24 06:09:52,019 - INFO - Epoch 10/16
2024-09-24 06:26:45,176 - INFO - Epoch 10, Train Loss: 1.0130, Train Accuracy: 99.17, Validation Loss: 1.2877, Validation Accuracy: 90.91

2024-09-24 06:26:46,966 - INFO - Epoch 11/16
2024-09-24 06:43:41,406 - INFO - Epoch 11, Train Loss: 1.0122, Train Accuracy: 99.14, Validation Loss: 1.2868, Validation Accuracy: 90.93

2024-09-24 06:43:50,897 - INFO - Epoch 12/16
2024-09-24 07:00:45,218 - INFO - Epoch 12, Train Loss: 1.0120, Train Accuracy: 99.18, Validation Loss: 1.2873, Validation Accuracy: 90.87

2024-09-24 07:00:46,977 - INFO - Epoch 13/16
2024-09-24 07:17:40,914 - INFO - Epoch 13, Train Loss: 1.0116, Train Accuracy: 99.23, Validation Loss: 1.2874, Validation Accuracy: 90.87

2024-09-24 07:17:42,708 - INFO - Epoch 14/16
2024-09-24 07:34:35,662 - INFO - Epoch 14, Train Loss: 1.0106, Train Accuracy: 99.28, Validation Loss: 1.2876, Validation Accuracy: 90.93

2024-09-24 07:34:37,432 - INFO - Epoch 15/16
2024-09-24 07:51:31,910 - INFO - Epoch 15, Train Loss: 1.0108, Train Accuracy: 99.27, Validation Loss: 1.2879, Validation Accuracy: 90.83

2024-09-24 07:51:33,688 - INFO - Epoch 16/16
2024-09-24 08:08:28,615 - INFO - Epoch 16, Train Loss: 1.0114, Train Accuracy: 99.11, Validation Loss: 1.2873, Validation Accuracy: 90.93

2024-09-24 08:08:34,677 - INFO - Loading pretrained weights from Hugging Face hub (timm/eva02_large_patch14_448.mim_m38m_ft_in22k_in1k)
2024-09-24 08:08:35,038 - INFO - [timm/eva02_large_patch14_448.mim_m38m_ft_in22k_in1k] Safe alternative available for 'pytorch_model.bin' (as 'model.safetensors'). Loading weights using safetensors.
2024-09-24 08:08:35,122 - INFO - Missing keys (head.weight, head.bias) discovered while loading pretrained weights. This is expected if model is being adapted.
2024-09-24 08:08:35,399 - INFO - Epoch 1/16
2024-09-24 08:25:30,458 - INFO - Epoch 1, Train Loss: 2.4695, Train Accuracy: 73.94, Validation Loss: 1.4016, Validation Accuracy: 87.28

2024-09-24 08:25:33,779 - INFO - Epoch 2/16
2024-09-24 08:42:26,246 - INFO - Epoch 2, Train Loss: 1.2334, Train Accuracy: 92.25, Validation Loss: 1.3768, Validation Accuracy: 87.84

2024-09-24 08:42:35,620 - INFO - Epoch 3/16
2024-09-24 08:59:30,713 - INFO - Epoch 3, Train Loss: 1.1440, Train Accuracy: 94.83, Validation Loss: 1.3471, Validation Accuracy: 89.29

2024-09-24 08:59:39,801 - INFO - Epoch 4/16
2024-09-24 09:16:32,076 - INFO - Epoch 4, Train Loss: 1.1037, Train Accuracy: 96.13, Validation Loss: 1.3384, Validation Accuracy: 89.33

2024-09-24 09:16:41,716 - INFO - Epoch 5/16
2024-09-24 09:33:35,649 - INFO - Epoch 5, Train Loss: 1.0461, Train Accuracy: 98.26, Validation Loss: 1.2976, Validation Accuracy: 90.63

2024-09-24 09:33:50,173 - INFO - Epoch 6/16
2024-09-24 09:50:43,533 - INFO - Epoch 6, Train Loss: 1.0288, Train Accuracy: 98.73, Validation Loss: 1.2953, Validation Accuracy: 90.65

2024-09-24 09:50:53,522 - INFO - Epoch 7/16
2024-09-24 10:07:47,941 - INFO - Epoch 7, Train Loss: 1.0218, Train Accuracy: 98.94, Validation Loss: 1.2966, Validation Accuracy: 90.57

2024-09-24 10:07:49,751 - INFO - Epoch 8/16
2024-09-24 10:24:43,322 - INFO - Epoch 8, Train Loss: 1.0197, Train Accuracy: 98.97, Validation Loss: 1.2971, Validation Accuracy: 90.63

2024-09-24 10:24:45,123 - INFO - Epoch 9/16
2024-09-24 10:41:38,704 - INFO - Epoch 9, Train Loss: 1.0137, Train Accuracy: 99.29, Validation Loss: 1.2968, Validation Accuracy: 90.59

2024-09-24 10:41:40,494 - INFO - Epoch 10/16
2024-09-24 10:58:35,359 - INFO - Epoch 10, Train Loss: 1.0135, Train Accuracy: 99.17, Validation Loss: 1.2968, Validation Accuracy: 90.55

2024-09-24 10:58:37,162 - INFO - Epoch 11/16
2024-09-24 11:15:31,149 - INFO - Epoch 11, Train Loss: 1.0122, Train Accuracy: 99.20, Validation Loss: 1.2975, Validation Accuracy: 90.67

2024-09-24 11:15:32,967 - INFO - Epoch 12/16
2024-09-24 11:32:27,577 - INFO - Epoch 12, Train Loss: 1.0119, Train Accuracy: 99.26, Validation Loss: 1.2964, Validation Accuracy: 90.63

2024-09-24 11:32:29,389 - INFO - Epoch 13/16
2024-09-24 11:49:24,250 - INFO - Epoch 13, Train Loss: 1.0104, Train Accuracy: 99.31, Validation Loss: 1.2985, Validation Accuracy: 90.57

2024-09-24 11:49:26,068 - INFO - Epoch 14/16
2024-09-24 12:06:21,977 - INFO - Epoch 14, Train Loss: 1.0114, Train Accuracy: 99.35, Validation Loss: 1.2973, Validation Accuracy: 90.55

2024-09-24 12:06:23,795 - INFO - Epoch 15/16
2024-09-24 12:23:18,617 - INFO - Epoch 15, Train Loss: 1.0114, Train Accuracy: 99.26, Validation Loss: 1.2972, Validation Accuracy: 90.61

2024-09-24 12:23:20,426 - INFO - Epoch 16/16
2024-09-24 12:40:14,559 - INFO - Epoch 16, Train Loss: 1.0110, Train Accuracy: 99.24, Validation Loss: 1.2974, Validation Accuracy: 90.63

