2024-09-18 11:43:33,642 - INFO - Epoch 1/30
2024-09-18 12:00:37,793 - INFO - Epoch 1, Train Loss: 1.2763, Train Accuracy: 77.55, Validation Loss: 0.4678, Validataion Accuracy: 87.62

2024-09-18 12:00:40,984 - INFO - Epoch 2/30
2024-09-18 12:17:47,848 - INFO - Epoch 2, Train Loss: 0.2611, Train Accuracy: 92.74, Validation Loss: 0.4351, Validataion Accuracy: 89.35

2024-09-18 12:17:59,162 - INFO - Epoch 3/30
2024-09-18 12:35:03,886 - INFO - Epoch 3, Train Loss: 0.1767, Train Accuracy: 94.78, Validation Loss: 0.4204, Validataion Accuracy: 90.08

2024-09-18 12:35:13,419 - INFO - Epoch 4/30
2024-09-18 12:52:19,606 - INFO - Epoch 4, Train Loss: 0.1302, Train Accuracy: 96.09, Validation Loss: 0.4275, Validataion Accuracy: 90.72

2024-09-18 12:52:21,291 - INFO - Epoch 5/30
2024-09-18 13:09:28,239 - INFO - Epoch 5, Train Loss: 0.1099, Train Accuracy: 96.92, Validation Loss: 0.4239, Validataion Accuracy: 90.35

2024-09-18 13:09:29,990 - INFO - Epoch 6/30
2024-09-18 13:19:19,268 - INFO - Epoch 1/20
2024-09-18 13:36:17,724 - INFO - Epoch 1, Train Loss: 1.2794, Train Accuracy: 77.51, Validation Loss: 0.4397, Validataion Accuracy: 88.22

2024-09-18 13:36:27,030 - INFO - Epoch 2/20
2024-09-18 13:53:27,390 - INFO - Epoch 2, Train Loss: 0.2594, Train Accuracy: 92.22, Validation Loss: 0.4177, Validataion Accuracy: 89.52

2024-09-18 13:53:36,668 - INFO - Epoch 3/20
2024-09-18 14:10:37,180 - INFO - Epoch 3, Train Loss: 0.1806, Train Accuracy: 95.00, Validation Loss: 0.4183, Validataion Accuracy: 90.22

2024-09-18 14:10:38,768 - INFO - Epoch 4/20
2024-09-18 14:27:39,870 - INFO - Epoch 4, Train Loss: 0.1375, Train Accuracy: 95.86, Validation Loss: 0.4073, Validataion Accuracy: 90.88

2024-09-18 14:27:49,509 - INFO - Epoch 5/20
2024-09-18 14:44:49,832 - INFO - Epoch 5, Train Loss: 0.1118, Train Accuracy: 96.84, Validation Loss: 0.4252, Validataion Accuracy: 90.65

2024-09-18 14:44:51,561 - INFO - Epoch 6/20
2024-09-18 15:01:52,859 - INFO - Epoch 6, Train Loss: 0.0583, Train Accuracy: 98.28, Validation Loss: 0.3724, Validataion Accuracy: 91.75

2024-09-18 15:02:02,006 - INFO - Epoch 7/20
2024-09-18 15:19:03,233 - INFO - Epoch 7, Train Loss: 0.0386, Train Accuracy: 98.79, Validation Loss: 0.3602, Validataion Accuracy: 91.68

2024-09-18 15:19:13,350 - INFO - Epoch 8/20
2024-09-18 15:36:14,478 - INFO - Epoch 8, Train Loss: 0.0326, Train Accuracy: 98.93, Validation Loss: 0.3573, Validataion Accuracy: 92.11

2024-09-18 15:36:23,608 - INFO - Epoch 9/20
2024-09-18 15:53:25,775 - INFO - Epoch 9, Train Loss: 0.0333, Train Accuracy: 98.83, Validation Loss: 0.3596, Validataion Accuracy: 91.81

2024-09-18 15:53:27,528 - INFO - Epoch 10/20
2024-09-18 16:10:27,086 - INFO - Epoch 10, Train Loss: 0.0322, Train Accuracy: 98.90, Validation Loss: 0.3586, Validataion Accuracy: 91.95

2024-09-18 16:10:28,844 - INFO - Epoch 11/20
2024-09-18 16:27:28,939 - INFO - Epoch 11, Train Loss: 0.0293, Train Accuracy: 99.01, Validation Loss: 0.3661, Validataion Accuracy: 91.85

2024-09-18 16:27:30,674 - INFO - Epoch 12/20
2024-09-18 16:44:28,734 - INFO - Epoch 12, Train Loss: 0.0246, Train Accuracy: 99.23, Validation Loss: 0.3621, Validataion Accuracy: 91.98

2024-09-18 16:44:30,443 - INFO - Epoch 13/20
2024-09-18 17:01:27,521 - INFO - Epoch 13, Train Loss: 0.0268, Train Accuracy: 99.12, Validation Loss: 0.3511, Validataion Accuracy: 91.98

2024-09-18 17:01:36,518 - INFO - Epoch 14/20
2024-09-18 17:18:39,666 - INFO - Epoch 14, Train Loss: 0.0259, Train Accuracy: 99.13, Validation Loss: 0.3645, Validataion Accuracy: 91.98

2024-09-18 17:18:41,472 - INFO - Epoch 15/20
2024-09-18 17:35:39,938 - INFO - Epoch 15, Train Loss: 0.0237, Train Accuracy: 99.28, Validation Loss: 0.3505, Validataion Accuracy: 91.98

2024-09-18 17:35:53,023 - INFO - Epoch 16/20
2024-09-18 17:52:53,679 - INFO - Epoch 16, Train Loss: 0.0235, Train Accuracy: 99.26, Validation Loss: 0.3466, Validataion Accuracy: 92.18

2024-09-18 17:53:06,104 - INFO - Epoch 17/20
2024-09-18 18:10:05,894 - INFO - Epoch 17, Train Loss: 0.0261, Train Accuracy: 99.25, Validation Loss: 0.3531, Validataion Accuracy: 92.08

2024-09-18 18:10:07,643 - INFO - Epoch 18/20
2024-09-18 18:27:10,897 - INFO - Epoch 18, Train Loss: 0.0259, Train Accuracy: 99.23, Validation Loss: 0.3612, Validataion Accuracy: 92.05

2024-09-18 18:27:12,721 - INFO - Epoch 19/20
2024-09-18 18:44:13,557 - INFO - Epoch 19, Train Loss: 0.0243, Train Accuracy: 99.22, Validation Loss: 0.3601, Validataion Accuracy: 91.98

2024-09-18 18:44:15,342 - INFO - Epoch 20/20
2024-09-18 19:01:17,331 - INFO - Epoch 20, Train Loss: 0.0252, Train Accuracy: 99.18, Validation Loss: 0.3546, Validataion Accuracy: 91.81

2024-09-18 19:01:24,050 - INFO - Loading pretrained weights from Hugging Face hub (timm/eva02_large_patch14_448.mim_m38m_ft_in22k_in1k)
2024-09-18 19:01:29,710 - INFO - [timm/eva02_large_patch14_448.mim_m38m_ft_in22k_in1k] Safe alternative available for 'pytorch_model.bin' (as 'model.safetensors'). Loading weights using safetensors.
2024-09-18 19:01:29,794 - INFO - Missing keys (head.weight, head.bias) discovered while loading pretrained weights. This is expected if model is being adapted.
2024-09-18 19:01:30,081 - INFO - Epoch 1/20
2024-09-18 19:18:33,527 - INFO - Epoch 1, Train Loss: 1.2637, Train Accuracy: 77.67, Validation Loss: 0.4920, Validataion Accuracy: 87.05

2024-09-18 19:18:36,777 - INFO - Epoch 2/20
2024-09-18 19:35:42,163 - INFO - Epoch 2, Train Loss: 0.2544, Train Accuracy: 92.61, Validation Loss: 0.4545, Validataion Accuracy: 88.81

2024-09-18 19:35:51,378 - INFO - Epoch 3/20
2024-09-18 19:52:55,425 - INFO - Epoch 3, Train Loss: 0.1646, Train Accuracy: 95.23, Validation Loss: 0.4551, Validataion Accuracy: 89.68

2024-09-18 19:52:57,144 - INFO - Epoch 4/20
2024-09-18 20:10:00,280 - INFO - Epoch 4, Train Loss: 0.1258, Train Accuracy: 96.34, Validation Loss: 0.4532, Validataion Accuracy: 90.51

2024-09-18 20:10:10,557 - INFO - Epoch 5/20
2024-09-18 20:27:12,116 - INFO - Epoch 5, Train Loss: 0.1000, Train Accuracy: 97.25, Validation Loss: 0.4480, Validataion Accuracy: 90.28

2024-09-18 20:27:22,212 - INFO - Epoch 6/20
2024-09-18 20:44:25,266 - INFO - Epoch 6, Train Loss: 0.0572, Train Accuracy: 98.36, Validation Loss: 0.4004, Validataion Accuracy: 91.84

2024-09-18 20:44:34,595 - INFO - Epoch 7/20
2024-09-18 21:01:35,544 - INFO - Epoch 7, Train Loss: 0.0391, Train Accuracy: 98.86, Validation Loss: 0.3847, Validataion Accuracy: 91.51

2024-09-18 21:01:45,362 - INFO - Epoch 8/20
2024-09-18 21:18:49,360 - INFO - Epoch 8, Train Loss: 0.0348, Train Accuracy: 98.83, Validation Loss: 0.3876, Validataion Accuracy: 91.48

2024-09-18 21:18:51,100 - INFO - Epoch 9/20
2024-09-18 21:35:53,367 - INFO - Epoch 9, Train Loss: 0.0312, Train Accuracy: 98.93, Validation Loss: 0.3732, Validataion Accuracy: 91.68

2024-09-18 21:36:02,897 - INFO - Epoch 10/20
2024-09-18 21:53:03,280 - INFO - Epoch 10, Train Loss: 0.0280, Train Accuracy: 99.03, Validation Loss: 0.3738, Validataion Accuracy: 91.91

2024-09-18 21:53:05,059 - INFO - Epoch 11/20
2024-09-18 22:10:05,178 - INFO - Epoch 11, Train Loss: 0.0264, Train Accuracy: 99.16, Validation Loss: 0.3893, Validataion Accuracy: 91.71

2024-09-18 22:10:06,938 - INFO - Epoch 12/20
2024-09-18 22:27:11,479 - INFO - Epoch 12, Train Loss: 0.0248, Train Accuracy: 99.18, Validation Loss: 0.3823, Validataion Accuracy: 91.68

2024-09-18 22:27:13,214 - INFO - Epoch 13/20
2024-09-18 22:44:12,187 - INFO - Epoch 13, Train Loss: 0.0224, Train Accuracy: 99.27, Validation Loss: 0.3791, Validataion Accuracy: 91.78

2024-09-18 22:44:13,976 - INFO - Epoch 14/20
2024-09-18 23:01:15,396 - INFO - Epoch 14, Train Loss: 0.0245, Train Accuracy: 99.22, Validation Loss: 0.3725, Validataion Accuracy: 91.84

2024-09-18 23:01:24,650 - INFO - Epoch 15/20
2024-09-18 23:18:26,205 - INFO - Epoch 15, Train Loss: 0.0246, Train Accuracy: 99.22, Validation Loss: 0.3694, Validataion Accuracy: 91.84

2024-09-18 23:18:35,503 - INFO - Epoch 16/20
2024-09-18 23:35:36,306 - INFO - Epoch 16, Train Loss: 0.0224, Train Accuracy: 99.25, Validation Loss: 0.3692, Validataion Accuracy: 91.68

2024-09-18 23:35:44,597 - INFO - Epoch 17/20
2024-09-18 23:52:46,075 - INFO - Epoch 17, Train Loss: 0.0222, Train Accuracy: 99.24, Validation Loss: 0.3930, Validataion Accuracy: 91.71

2024-09-18 23:52:47,877 - INFO - Epoch 18/20
2024-09-19 00:09:50,908 - INFO - Epoch 18, Train Loss: 0.0235, Train Accuracy: 99.27, Validation Loss: 0.3706, Validataion Accuracy: 91.68

2024-09-19 00:09:52,708 - INFO - Epoch 19/20
2024-09-19 00:26:54,250 - INFO - Epoch 19, Train Loss: 0.0242, Train Accuracy: 99.25, Validation Loss: 0.3833, Validataion Accuracy: 91.58

2024-09-19 00:26:55,998 - INFO - Epoch 20/20
2024-09-19 00:43:57,806 - INFO - Epoch 20, Train Loss: 0.0228, Train Accuracy: 99.25, Validation Loss: 0.3752, Validataion Accuracy: 91.81

2024-09-19 00:44:04,451 - INFO - Loading pretrained weights from Hugging Face hub (timm/eva02_large_patch14_448.mim_m38m_ft_in22k_in1k)
2024-09-19 00:44:04,840 - INFO - [timm/eva02_large_patch14_448.mim_m38m_ft_in22k_in1k] Safe alternative available for 'pytorch_model.bin' (as 'model.safetensors'). Loading weights using safetensors.
2024-09-19 00:44:04,923 - INFO - Missing keys (head.weight, head.bias) discovered while loading pretrained weights. This is expected if model is being adapted.
2024-09-19 00:44:05,204 - INFO - Epoch 1/20
2024-09-19 01:01:06,574 - INFO - Epoch 1, Train Loss: 1.2840, Train Accuracy: 77.23, Validation Loss: 0.4308, Validataion Accuracy: 88.62

2024-09-19 01:01:09,834 - INFO - Epoch 2/20
2024-09-19 01:18:10,693 - INFO - Epoch 2, Train Loss: 0.2494, Train Accuracy: 92.89, Validation Loss: 0.4665, Validataion Accuracy: 87.75

2024-09-19 01:18:12,254 - INFO - Epoch 3/20
2024-09-19 01:35:13,883 - INFO - Epoch 3, Train Loss: 0.1799, Train Accuracy: 94.85, Validation Loss: 0.4578, Validataion Accuracy: 89.11

2024-09-19 01:35:15,529 - INFO - Epoch 4/20
2024-09-19 01:52:15,104 - INFO - Epoch 4, Train Loss: 0.1314, Train Accuracy: 96.14, Validation Loss: 0.4544, Validataion Accuracy: 89.35

2024-09-19 01:52:16,850 - INFO - Epoch 5/20
2024-09-19 02:09:18,599 - INFO - Epoch 5, Train Loss: 0.1267, Train Accuracy: 96.34, Validation Loss: 0.4424, Validataion Accuracy: 89.78

2024-09-19 02:09:20,305 - INFO - Epoch 6/20
2024-09-19 02:26:22,062 - INFO - Epoch 6, Train Loss: 0.0685, Train Accuracy: 98.04, Validation Loss: 0.3805, Validataion Accuracy: 90.95

2024-09-19 02:26:32,416 - INFO - Epoch 7/20
2024-09-19 02:43:32,103 - INFO - Epoch 7, Train Loss: 0.0452, Train Accuracy: 98.63, Validation Loss: 0.3586, Validataion Accuracy: 91.44

2024-09-19 02:43:41,080 - INFO - Epoch 8/20
2024-09-19 03:00:41,370 - INFO - Epoch 8, Train Loss: 0.0383, Train Accuracy: 98.79, Validation Loss: 0.3637, Validataion Accuracy: 91.21

2024-09-19 03:00:43,084 - INFO - Epoch 9/20
2024-09-19 03:17:43,861 - INFO - Epoch 9, Train Loss: 0.0353, Train Accuracy: 98.74, Validation Loss: 0.3640, Validataion Accuracy: 91.38

2024-09-19 03:17:45,543 - INFO - Epoch 10/20
2024-09-19 03:34:47,765 - INFO - Epoch 10, Train Loss: 0.0296, Train Accuracy: 98.92, Validation Loss: 0.3680, Validataion Accuracy: 91.31

2024-09-19 03:34:49,579 - INFO - Epoch 11/20
2024-09-19 03:51:51,010 - INFO - Epoch 11, Train Loss: 0.0262, Train Accuracy: 99.09, Validation Loss: 0.3622, Validataion Accuracy: 91.38

2024-09-19 03:51:52,807 - INFO - Epoch 12/20
2024-09-19 04:08:53,771 - INFO - Epoch 12, Train Loss: 0.0245, Train Accuracy: 99.14, Validation Loss: 0.3615, Validataion Accuracy: 91.18

2024-09-19 04:08:55,463 - INFO - Epoch 13/20
2024-09-19 04:25:55,803 - INFO - Epoch 13, Train Loss: 0.0253, Train Accuracy: 99.18, Validation Loss: 0.3542, Validataion Accuracy: 91.61

2024-09-19 04:26:05,635 - INFO - Epoch 14/20
2024-09-19 04:43:06,768 - INFO - Epoch 14, Train Loss: 0.0256, Train Accuracy: 99.19, Validation Loss: 0.3635, Validataion Accuracy: 91.18

2024-09-19 04:43:08,574 - INFO - Epoch 15/20
2024-09-19 05:00:10,063 - INFO - Epoch 15, Train Loss: 0.0241, Train Accuracy: 99.21, Validation Loss: 0.3542, Validataion Accuracy: 91.48

2024-09-19 05:00:11,850 - INFO - Epoch 16/20
2024-09-19 05:17:14,341 - INFO - Epoch 16, Train Loss: 0.0262, Train Accuracy: 99.16, Validation Loss: 0.3569, Validataion Accuracy: 91.38

2024-09-19 05:17:16,044 - INFO - Epoch 17/20
2024-09-19 05:34:17,972 - INFO - Epoch 17, Train Loss: 0.0247, Train Accuracy: 99.31, Validation Loss: 0.3531, Validataion Accuracy: 91.64

2024-09-19 05:34:27,119 - INFO - Epoch 18/20
2024-09-19 05:51:26,400 - INFO - Epoch 18, Train Loss: 0.0242, Train Accuracy: 99.20, Validation Loss: 0.3539, Validataion Accuracy: 91.48

2024-09-19 05:51:28,092 - INFO - Epoch 19/20
2024-09-19 06:08:28,880 - INFO - Epoch 19, Train Loss: 0.0256, Train Accuracy: 99.15, Validation Loss: 0.3616, Validataion Accuracy: 91.08

2024-09-19 06:08:30,694 - INFO - Epoch 20/20
2024-09-19 06:25:32,052 - INFO - Epoch 20, Train Loss: 0.0242, Train Accuracy: 99.19, Validation Loss: 0.3473, Validataion Accuracy: 91.61

2024-09-19 06:25:46,137 - INFO - Loading pretrained weights from Hugging Face hub (timm/eva02_large_patch14_448.mim_m38m_ft_in22k_in1k)
2024-09-19 06:25:46,605 - INFO - [timm/eva02_large_patch14_448.mim_m38m_ft_in22k_in1k] Safe alternative available for 'pytorch_model.bin' (as 'model.safetensors'). Loading weights using safetensors.
2024-09-19 06:25:46,981 - INFO - Missing keys (head.weight, head.bias) discovered while loading pretrained weights. This is expected if model is being adapted.
2024-09-19 06:25:47,265 - INFO - Epoch 1/20
2024-09-19 06:42:47,926 - INFO - Epoch 1, Train Loss: 1.2669, Train Accuracy: 77.87, Validation Loss: 0.4831, Validataion Accuracy: 87.38

2024-09-19 06:42:51,165 - INFO - Epoch 2/20
2024-09-19 06:59:52,866 - INFO - Epoch 2, Train Loss: 0.2489, Train Accuracy: 93.23, Validation Loss: 0.4876, Validataion Accuracy: 88.45

2024-09-19 06:59:54,555 - INFO - Epoch 3/20
2024-09-19 07:16:54,505 - INFO - Epoch 3, Train Loss: 0.1677, Train Accuracy: 94.98, Validation Loss: 0.4506, Validataion Accuracy: 89.18

2024-09-19 07:17:03,516 - INFO - Epoch 4/20
2024-09-19 07:34:04,998 - INFO - Epoch 4, Train Loss: 0.1313, Train Accuracy: 96.26, Validation Loss: 0.4616, Validataion Accuracy: 89.51

2024-09-19 07:34:06,763 - INFO - Epoch 5/20
2024-09-19 07:51:08,451 - INFO - Epoch 5, Train Loss: 0.1142, Train Accuracy: 96.80, Validation Loss: 0.4735, Validataion Accuracy: 89.78

2024-09-19 07:51:10,292 - INFO - Epoch 6/20
2024-09-19 08:08:09,786 - INFO - Epoch 6, Train Loss: 0.0616, Train Accuracy: 98.24, Validation Loss: 0.4038, Validataion Accuracy: 91.05

2024-09-19 08:08:19,392 - INFO - Epoch 7/20
2024-09-19 08:25:21,894 - INFO - Epoch 7, Train Loss: 0.0372, Train Accuracy: 98.76, Validation Loss: 0.3975, Validataion Accuracy: 90.88

2024-09-19 08:25:32,017 - INFO - Epoch 8/20
2024-09-19 08:42:32,734 - INFO - Epoch 8, Train Loss: 0.0359, Train Accuracy: 98.90, Validation Loss: 0.3891, Validataion Accuracy: 91.25

2024-09-19 08:42:41,514 - INFO - Epoch 9/20
2024-09-19 08:59:42,122 - INFO - Epoch 9, Train Loss: 0.0342, Train Accuracy: 98.89, Validation Loss: 0.3825, Validataion Accuracy: 91.15

2024-09-19 08:59:50,611 - INFO - Epoch 10/20
2024-09-19 09:16:53,735 - INFO - Epoch 10, Train Loss: 0.0315, Train Accuracy: 98.93, Validation Loss: 0.3862, Validataion Accuracy: 91.21

2024-09-19 09:16:55,492 - INFO - Epoch 11/20
2024-09-19 09:33:56,763 - INFO - Epoch 11, Train Loss: 0.0272, Train Accuracy: 99.17, Validation Loss: 0.3902, Validataion Accuracy: 91.11

2024-09-19 09:33:58,634 - INFO - Epoch 12/20
2024-09-19 09:51:00,380 - INFO - Epoch 12, Train Loss: 0.0255, Train Accuracy: 99.14, Validation Loss: 0.3933, Validataion Accuracy: 91.15

2024-09-19 09:51:02,201 - INFO - Epoch 13/20
2024-09-19 10:08:02,437 - INFO - Epoch 13, Train Loss: 0.0266, Train Accuracy: 99.19, Validation Loss: 0.3880, Validataion Accuracy: 91.31

2024-09-19 10:08:04,270 - INFO - Epoch 14/20
2024-09-19 10:25:07,783 - INFO - Epoch 14, Train Loss: 0.0285, Train Accuracy: 99.13, Validation Loss: 0.3870, Validataion Accuracy: 91.11

2024-09-19 10:25:09,515 - INFO - Epoch 15/20
2024-09-19 10:42:13,060 - INFO - Epoch 15, Train Loss: 0.0257, Train Accuracy: 99.18, Validation Loss: 0.3914, Validataion Accuracy: 91.05

2024-09-19 10:42:14,910 - INFO - Epoch 16/20
2024-09-19 10:59:15,946 - INFO - Epoch 16, Train Loss: 0.0256, Train Accuracy: 99.13, Validation Loss: 0.3975, Validataion Accuracy: 90.98

2024-09-19 10:59:17,756 - INFO - Epoch 17/20
2024-09-19 11:16:17,207 - INFO - Epoch 17, Train Loss: 0.0230, Train Accuracy: 99.22, Validation Loss: 0.3832, Validataion Accuracy: 91.15

2024-09-19 11:16:19,044 - INFO - Epoch 18/20
2024-09-19 11:33:19,401 - INFO - Epoch 18, Train Loss: 0.0238, Train Accuracy: 99.28, Validation Loss: 0.3881, Validataion Accuracy: 90.98

2024-09-19 11:33:21,197 - INFO - Epoch 19/20
2024-09-19 11:50:22,568 - INFO - Epoch 19, Train Loss: 0.0247, Train Accuracy: 99.19, Validation Loss: 0.3852, Validataion Accuracy: 91.28

2024-09-19 11:50:24,367 - INFO - Epoch 20/20
2024-09-19 12:07:26,347 - INFO - Epoch 20, Train Loss: 0.0233, Train Accuracy: 99.20, Validation Loss: 0.3855, Validataion Accuracy: 91.38

2024-09-19 12:07:32,447 - INFO - Loading pretrained weights from Hugging Face hub (timm/eva02_large_patch14_448.mim_m38m_ft_in22k_in1k)
2024-09-19 12:07:32,931 - INFO - [timm/eva02_large_patch14_448.mim_m38m_ft_in22k_in1k] Safe alternative available for 'pytorch_model.bin' (as 'model.safetensors'). Loading weights using safetensors.
2024-09-19 12:07:33,015 - INFO - Missing keys (head.weight, head.bias) discovered while loading pretrained weights. This is expected if model is being adapted.
2024-09-19 12:07:33,295 - INFO - Epoch 1/20
2024-09-19 12:24:36,038 - INFO - Epoch 1, Train Loss: 1.2683, Train Accuracy: 77.81, Validation Loss: 0.4740, Validataion Accuracy: 87.38

2024-09-19 12:24:39,312 - INFO - Epoch 2/20
2024-09-19 12:41:44,109 - INFO - Epoch 2, Train Loss: 0.2516, Train Accuracy: 92.56, Validation Loss: 0.4371, Validataion Accuracy: 88.35

2024-09-19 12:41:52,370 - INFO - Epoch 3/20
2024-09-19 12:58:50,723 - INFO - Epoch 3, Train Loss: 0.1643, Train Accuracy: 95.11, Validation Loss: 0.4371, Validataion Accuracy: 89.28

2024-09-19 12:58:59,529 - INFO - Epoch 4/20
2024-09-19 13:16:01,468 - INFO - Epoch 4, Train Loss: 0.1357, Train Accuracy: 96.07, Validation Loss: 0.4440, Validataion Accuracy: 89.28

2024-09-19 13:16:03,216 - INFO - Epoch 5/20
2024-09-19 13:33:05,516 - INFO - Epoch 5, Train Loss: 0.1093, Train Accuracy: 96.82, Validation Loss: 0.4569, Validataion Accuracy: 89.65

2024-09-19 13:33:07,322 - INFO - Epoch 6/20
2024-09-19 13:50:07,468 - INFO - Epoch 6, Train Loss: 0.0578, Train Accuracy: 98.38, Validation Loss: 0.3636, Validataion Accuracy: 91.28

2024-09-19 13:50:16,552 - INFO - Epoch 7/20
2024-09-19 14:07:18,576 - INFO - Epoch 7, Train Loss: 0.0370, Train Accuracy: 98.93, Validation Loss: 0.3531, Validataion Accuracy: 90.91

2024-09-19 14:07:27,405 - INFO - Epoch 8/20
2024-09-19 14:24:31,683 - INFO - Epoch 8, Train Loss: 0.0327, Train Accuracy: 98.98, Validation Loss: 0.3569, Validataion Accuracy: 91.11

2024-09-19 14:24:33,412 - INFO - Epoch 9/20
2024-09-19 14:41:34,987 - INFO - Epoch 9, Train Loss: 0.0288, Train Accuracy: 99.09, Validation Loss: 0.3502, Validataion Accuracy: 91.44

2024-09-19 14:41:44,207 - INFO - Epoch 10/20
2024-09-19 14:58:46,655 - INFO - Epoch 10, Train Loss: 0.0280, Train Accuracy: 99.02, Validation Loss: 0.3488, Validataion Accuracy: 91.18

2024-09-19 14:58:55,370 - INFO - Epoch 11/20
2024-09-19 15:15:56,127 - INFO - Epoch 11, Train Loss: 0.0241, Train Accuracy: 99.31, Validation Loss: 0.3368, Validataion Accuracy: 91.48

2024-09-19 15:16:05,769 - INFO - Epoch 12/20
2024-09-19 15:33:07,413 - INFO - Epoch 12, Train Loss: 0.0242, Train Accuracy: 99.26, Validation Loss: 0.3579, Validataion Accuracy: 90.91

2024-09-19 15:33:09,218 - INFO - Epoch 13/20
2024-09-19 15:50:11,049 - INFO - Epoch 13, Train Loss: 0.0224, Train Accuracy: 99.32, Validation Loss: 0.3357, Validataion Accuracy: 91.48

2024-09-19 15:50:19,510 - INFO - Epoch 14/20
2024-09-19 16:07:24,333 - INFO - Epoch 14, Train Loss: 0.0241, Train Accuracy: 99.21, Validation Loss: 0.3467, Validataion Accuracy: 91.31

2024-09-19 16:07:26,105 - INFO - Epoch 15/20
2024-09-19 16:24:27,988 - INFO - Epoch 15, Train Loss: 0.0248, Train Accuracy: 99.23, Validation Loss: 0.3424, Validataion Accuracy: 90.85

2024-09-19 16:24:29,774 - INFO - Epoch 16/20
2024-09-19 16:41:32,166 - INFO - Epoch 16, Train Loss: 0.0236, Train Accuracy: 99.16, Validation Loss: 0.3491, Validataion Accuracy: 91.15

2024-09-19 16:41:33,976 - INFO - Epoch 17/20
2024-09-19 16:58:33,715 - INFO - Epoch 17, Train Loss: 0.0234, Train Accuracy: 99.33, Validation Loss: 0.3369, Validataion Accuracy: 91.41

2024-09-19 16:58:35,502 - INFO - Epoch 18/20
2024-09-19 17:15:36,708 - INFO - Epoch 18, Train Loss: 0.0219, Train Accuracy: 99.28, Validation Loss: 0.3429, Validataion Accuracy: 91.54

2024-09-19 17:15:38,516 - INFO - Epoch 19/20
2024-09-19 17:32:41,802 - INFO - Epoch 19, Train Loss: 0.0214, Train Accuracy: 99.32, Validation Loss: 0.3417, Validataion Accuracy: 91.05

2024-09-19 17:32:43,623 - INFO - Epoch 20/20
2024-09-19 17:49:45,349 - INFO - Epoch 20, Train Loss: 0.0222, Train Accuracy: 99.36, Validation Loss: 0.3485, Validataion Accuracy: 91.01

