2024-09-24 22:36:36,036 - INFO - Epoch 1/15
2024-09-24 23:03:06,836 - INFO - Epoch 1, Train Loss: 1.6237, Train Accuracy: 69.05, Validation Loss: 0.5508, Validataion Accuracy: 84.26

2024-09-24 23:03:18,017 - INFO - Epoch 2/15
2024-09-24 23:29:47,542 - INFO - Epoch 2, Train Loss: 0.5658, Train Accuracy: 83.61, Validation Loss: 0.4816, Validataion Accuracy: 86.26

2024-09-24 23:30:40,183 - INFO - Epoch 3/15
2024-09-24 23:57:09,662 - INFO - Epoch 3, Train Loss: 0.4403, Train Accuracy: 86.68, Validation Loss: 0.4652, Validataion Accuracy: 88.52

2024-09-24 23:58:02,398 - INFO - Epoch 4/15
2024-09-25 00:24:30,542 - INFO - Epoch 4, Train Loss: 0.3852, Train Accuracy: 87.84, Validation Loss: 0.4363, Validataion Accuracy: 88.25

2024-09-25 00:24:56,023 - INFO - Epoch 5/15
2024-09-25 00:51:25,763 - INFO - Epoch 5, Train Loss: 0.3146, Train Accuracy: 89.96, Validation Loss: 0.4416, Validataion Accuracy: 88.29

2024-09-25 00:51:25,763 - INFO - Epoch 6/15
2024-09-25 01:17:57,031 - INFO - Epoch 6, Train Loss: 0.2077, Train Accuracy: 93.10, Validation Loss: 0.3480, Validataion Accuracy: 91.65

2024-09-25 01:18:47,901 - INFO - Epoch 7/15
2024-09-25 01:45:16,387 - INFO - Epoch 7, Train Loss: 0.1408, Train Accuracy: 95.25, Validation Loss: 0.3449, Validataion Accuracy: 91.81

2024-09-25 01:46:07,428 - INFO - Epoch 8/15
2024-09-25 02:12:33,991 - INFO - Epoch 8, Train Loss: 0.1207, Train Accuracy: 95.99, Validation Loss: 0.3435, Validataion Accuracy: 91.85

2024-09-25 02:13:34,165 - INFO - Epoch 9/15
2024-09-25 02:40:02,620 - INFO - Epoch 9, Train Loss: 0.1113, Train Accuracy: 96.06, Validation Loss: 0.3421, Validataion Accuracy: 92.11

2024-09-25 02:40:56,577 - INFO - Epoch 10/15
2024-09-25 03:07:25,729 - INFO - Epoch 10, Train Loss: 0.0975, Train Accuracy: 96.47, Validation Loss: 0.3454, Validataion Accuracy: 91.85

2024-09-25 03:07:25,729 - INFO - Epoch 11/15
2024-09-25 03:33:56,580 - INFO - Epoch 11, Train Loss: 0.0877, Train Accuracy: 97.15, Validation Loss: 0.3438, Validataion Accuracy: 92.05

2024-09-25 03:33:56,580 - INFO - Epoch 12/15
2024-09-25 04:00:27,321 - INFO - Epoch 12, Train Loss: 0.0842, Train Accuracy: 97.20, Validation Loss: 0.3433, Validataion Accuracy: 92.08

2024-09-25 04:00:27,322 - INFO - Epoch 13/15
2024-09-25 04:26:57,359 - INFO - Epoch 13, Train Loss: 0.0804, Train Accuracy: 97.30, Validation Loss: 0.3431, Validataion Accuracy: 92.05

2024-09-25 04:26:57,360 - INFO - Epoch 14/15
2024-09-25 04:53:27,510 - INFO - Epoch 14, Train Loss: 0.0803, Train Accuracy: 97.37, Validation Loss: 0.3423, Validataion Accuracy: 91.98

2024-09-25 04:53:27,510 - INFO - Epoch 15/15
2024-09-25 05:19:57,654 - INFO - Epoch 15, Train Loss: 0.0803, Train Accuracy: 97.30, Validation Loss: 0.3422, Validataion Accuracy: 92.15

2024-09-25 05:20:40,550 - INFO - Loading pretrained weights from Hugging Face hub (timm/eva_giant_patch14_336.clip_ft_in1k)
2024-09-25 05:20:40,875 - INFO - [timm/eva_giant_patch14_336.clip_ft_in1k] Safe alternative available for 'pytorch_model.bin' (as 'model.safetensors'). Loading weights using safetensors.
2024-09-25 05:20:41,095 - INFO - Missing keys (head.weight, head.bias) discovered while loading pretrained weights. This is expected if model is being adapted.
2024-09-25 05:20:42,104 - INFO - Epoch 1/15
2024-09-25 05:47:15,017 - INFO - Epoch 1, Train Loss: 1.6203, Train Accuracy: 69.06, Validation Loss: 0.5298, Validataion Accuracy: 85.72

2024-09-25 05:47:30,422 - INFO - Epoch 2/15
2024-09-25 06:14:02,479 - INFO - Epoch 2, Train Loss: 0.5740, Train Accuracy: 83.46, Validation Loss: 0.4759, Validataion Accuracy: 86.48

2024-09-25 06:15:02,694 - INFO - Epoch 3/15
2024-09-25 06:41:34,876 - INFO - Epoch 3, Train Loss: 0.4304, Train Accuracy: 87.18, Validation Loss: 0.4658, Validataion Accuracy: 87.58

2024-09-25 06:42:30,505 - INFO - Epoch 4/15
2024-09-25 07:09:03,306 - INFO - Epoch 4, Train Loss: 0.3550, Train Accuracy: 89.25, Validation Loss: 0.4593, Validataion Accuracy: 88.12

2024-09-25 07:09:59,231 - INFO - Epoch 5/15
2024-09-25 07:36:32,956 - INFO - Epoch 5, Train Loss: 0.3246, Train Accuracy: 89.73, Validation Loss: 0.4625, Validataion Accuracy: 88.78

2024-09-25 07:36:57,868 - INFO - Epoch 6/15
2024-09-25 08:03:29,834 - INFO - Epoch 6, Train Loss: 0.1919, Train Accuracy: 93.78, Validation Loss: 0.3501, Validataion Accuracy: 90.71

2024-09-25 08:04:20,043 - INFO - Epoch 7/15
2024-09-25 08:30:55,706 - INFO - Epoch 7, Train Loss: 0.1419, Train Accuracy: 95.22, Validation Loss: 0.3315, Validataion Accuracy: 91.38

2024-09-25 08:31:45,994 - INFO - Epoch 8/15
2024-09-25 08:58:16,757 - INFO - Epoch 8, Train Loss: 0.1185, Train Accuracy: 95.96, Validation Loss: 0.3254, Validataion Accuracy: 91.38

2024-09-25 08:58:41,550 - INFO - Epoch 9/15
2024-09-25 09:25:14,000 - INFO - Epoch 9, Train Loss: 0.1053, Train Accuracy: 96.47, Validation Loss: 0.3206, Validataion Accuracy: 91.31

2024-09-25 09:25:39,162 - INFO - Epoch 10/15
2024-09-25 09:52:11,816 - INFO - Epoch 10, Train Loss: 0.0983, Train Accuracy: 96.52, Validation Loss: 0.3255, Validataion Accuracy: 91.31

2024-09-25 09:52:11,817 - INFO - Epoch 11/15
2024-09-25 10:18:45,215 - INFO - Epoch 11, Train Loss: 0.0876, Train Accuracy: 96.93, Validation Loss: 0.3236, Validataion Accuracy: 91.38

2024-09-25 10:18:45,215 - INFO - Epoch 12/15
2024-09-25 10:45:19,964 - INFO - Epoch 12, Train Loss: 0.0836, Train Accuracy: 97.23, Validation Loss: 0.3225, Validataion Accuracy: 91.41

2024-09-25 10:45:48,219 - INFO - Epoch 13/15
2024-09-25 11:12:25,508 - INFO - Epoch 13, Train Loss: 0.0808, Train Accuracy: 97.28, Validation Loss: 0.3216, Validataion Accuracy: 91.54

2024-09-25 11:12:52,914 - INFO - Epoch 14/15
2024-09-25 11:39:29,032 - INFO - Epoch 14, Train Loss: 0.0806, Train Accuracy: 97.40, Validation Loss: 0.3217, Validataion Accuracy: 91.68

2024-09-25 11:39:53,934 - INFO - Epoch 15/15
2024-09-25 12:06:32,771 - INFO - Epoch 15, Train Loss: 0.0759, Train Accuracy: 97.52, Validation Loss: 0.3219, Validataion Accuracy: 91.64

2024-09-25 12:06:48,934 - INFO - Loading pretrained weights from Hugging Face hub (timm/eva_giant_patch14_336.clip_ft_in1k)
2024-09-25 12:06:49,384 - INFO - [timm/eva_giant_patch14_336.clip_ft_in1k] Safe alternative available for 'pytorch_model.bin' (as 'model.safetensors'). Loading weights using safetensors.
2024-09-25 12:06:49,820 - INFO - Missing keys (head.weight, head.bias) discovered while loading pretrained weights. This is expected if model is being adapted.
2024-09-25 12:06:50,726 - INFO - Epoch 1/15
2024-09-25 12:33:21,149 - INFO - Epoch 1, Train Loss: 1.6068, Train Accuracy: 69.20, Validation Loss: 0.5549, Validataion Accuracy: 84.65

2024-09-25 12:33:32,285 - INFO - Epoch 2/15
2024-09-25 13:00:03,880 - INFO - Epoch 2, Train Loss: 0.5657, Train Accuracy: 84.17, Validation Loss: 0.4713, Validataion Accuracy: 86.98

2024-09-25 13:00:55,112 - INFO - Epoch 3/15
2024-09-25 13:27:26,721 - INFO - Epoch 3, Train Loss: 0.4391, Train Accuracy: 86.84, Validation Loss: 0.4677, Validataion Accuracy: 87.18

2024-09-25 13:28:16,972 - INFO - Epoch 4/15
2024-09-25 13:54:43,814 - INFO - Epoch 4, Train Loss: 0.3647, Train Accuracy: 88.89, Validation Loss: 0.4837, Validataion Accuracy: 87.35

2024-09-25 13:55:08,889 - INFO - Epoch 5/15
2024-09-25 14:21:35,906 - INFO - Epoch 5, Train Loss: 0.3255, Train Accuracy: 89.75, Validation Loss: 0.4732, Validataion Accuracy: 87.85

2024-09-25 14:21:59,431 - INFO - Epoch 6/15
2024-09-25 14:48:24,022 - INFO - Epoch 6, Train Loss: 0.1902, Train Accuracy: 93.65, Validation Loss: 0.3598, Validataion Accuracy: 90.31

2024-09-25 14:49:12,146 - INFO - Epoch 7/15
2024-09-25 15:15:42,261 - INFO - Epoch 7, Train Loss: 0.1303, Train Accuracy: 95.66, Validation Loss: 0.3409, Validataion Accuracy: 90.88

2024-09-25 15:16:39,021 - INFO - Epoch 8/15
2024-09-25 15:43:09,162 - INFO - Epoch 8, Train Loss: 0.1162, Train Accuracy: 95.82, Validation Loss: 0.3406, Validataion Accuracy: 90.91

2024-09-25 15:43:58,418 - INFO - Epoch 9/15
2024-09-25 16:10:29,952 - INFO - Epoch 9, Train Loss: 0.1065, Train Accuracy: 96.39, Validation Loss: 0.3408, Validataion Accuracy: 91.25

2024-09-25 16:10:56,440 - INFO - Epoch 10/15
2024-09-25 16:37:28,998 - INFO - Epoch 10, Train Loss: 0.0975, Train Accuracy: 96.64, Validation Loss: 0.3404, Validataion Accuracy: 91.11

2024-09-25 16:37:52,052 - INFO - Epoch 11/15
2024-09-25 17:04:23,574 - INFO - Epoch 11, Train Loss: 0.0892, Train Accuracy: 97.00, Validation Loss: 0.3379, Validataion Accuracy: 91.25

2024-09-25 17:04:46,383 - INFO - Epoch 12/15
2024-09-25 17:31:16,907 - INFO - Epoch 12, Train Loss: 0.0842, Train Accuracy: 97.07, Validation Loss: 0.3367, Validataion Accuracy: 91.34

2024-09-25 17:32:02,585 - INFO - Epoch 13/15
2024-09-25 17:58:31,832 - INFO - Epoch 13, Train Loss: 0.0786, Train Accuracy: 97.26, Validation Loss: 0.3360, Validataion Accuracy: 91.25

2024-09-25 17:58:54,360 - INFO - Epoch 14/15
2024-09-25 18:25:24,792 - INFO - Epoch 14, Train Loss: 0.0776, Train Accuracy: 97.45, Validation Loss: 0.3357, Validataion Accuracy: 91.28

2024-09-25 18:25:47,464 - INFO - Epoch 15/15
2024-09-25 18:52:16,576 - INFO - Epoch 15, Train Loss: 0.0808, Train Accuracy: 97.46, Validation Loss: 0.3352, Validataion Accuracy: 91.25

2024-09-25 18:52:54,367 - INFO - Loading pretrained weights from Hugging Face hub (timm/eva_giant_patch14_336.clip_ft_in1k)
2024-09-25 18:52:54,717 - INFO - [timm/eva_giant_patch14_336.clip_ft_in1k] Safe alternative available for 'pytorch_model.bin' (as 'model.safetensors'). Loading weights using safetensors.
2024-09-25 18:52:54,936 - INFO - Missing keys (head.weight, head.bias) discovered while loading pretrained weights. This is expected if model is being adapted.
2024-09-25 18:52:55,829 - INFO - Epoch 1/15
2024-09-25 19:19:29,902 - INFO - Epoch 1, Train Loss: 1.6073, Train Accuracy: 68.99, Validation Loss: 0.5447, Validataion Accuracy: 85.15

2024-09-25 19:19:41,296 - INFO - Epoch 2/15
2024-09-25 19:46:13,791 - INFO - Epoch 2, Train Loss: 0.5687, Train Accuracy: 83.75, Validation Loss: 0.4595, Validataion Accuracy: 86.82

2024-09-25 19:46:59,557 - INFO - Epoch 3/15
2024-09-25 20:13:31,926 - INFO - Epoch 3, Train Loss: 0.4204, Train Accuracy: 87.01, Validation Loss: 0.4365, Validataion Accuracy: 88.45

2024-09-25 20:14:18,733 - INFO - Epoch 4/15
2024-09-25 20:40:52,643 - INFO - Epoch 4, Train Loss: 0.3646, Train Accuracy: 88.78, Validation Loss: 0.4707, Validataion Accuracy: 87.68

2024-09-25 20:40:52,644 - INFO - Epoch 5/15
2024-09-25 21:07:25,517 - INFO - Epoch 5, Train Loss: 0.3211, Train Accuracy: 89.66, Validation Loss: 0.4498, Validataion Accuracy: 88.25

2024-09-25 21:07:25,518 - INFO - Epoch 6/15
2024-09-25 21:33:56,657 - INFO - Epoch 6, Train Loss: 0.2103, Train Accuracy: 93.37, Validation Loss: 0.3350, Validataion Accuracy: 91.31

2024-09-25 21:34:44,715 - INFO - Epoch 7/15
2024-09-25 22:01:13,527 - INFO - Epoch 7, Train Loss: 0.1444, Train Accuracy: 95.38, Validation Loss: 0.3308, Validataion Accuracy: 91.31

2024-09-25 22:01:36,139 - INFO - Epoch 8/15
2024-09-25 22:28:06,022 - INFO - Epoch 8, Train Loss: 0.1209, Train Accuracy: 95.83, Validation Loss: 0.3321, Validataion Accuracy: 91.54

2024-09-25 22:28:28,642 - INFO - Epoch 9/15
2024-09-25 22:54:59,710 - INFO - Epoch 9, Train Loss: 0.1108, Train Accuracy: 96.27, Validation Loss: 0.3371, Validataion Accuracy: 91.54

2024-09-25 22:54:59,711 - INFO - Epoch 10/15
2024-09-25 23:21:30,757 - INFO - Epoch 10, Train Loss: 0.1030, Train Accuracy: 96.40, Validation Loss: 0.3329, Validataion Accuracy: 91.64

2024-09-25 23:21:54,766 - INFO - Epoch 11/15
2024-09-25 23:48:24,820 - INFO - Epoch 11, Train Loss: 0.0877, Train Accuracy: 97.01, Validation Loss: 0.3322, Validataion Accuracy: 91.74

2024-09-25 23:48:47,682 - INFO - Epoch 12/15
2024-09-26 00:15:18,398 - INFO - Epoch 12, Train Loss: 0.0881, Train Accuracy: 97.15, Validation Loss: 0.3315, Validataion Accuracy: 91.81

2024-09-26 00:15:44,264 - INFO - Epoch 13/15
2024-09-26 00:42:17,161 - INFO - Epoch 13, Train Loss: 0.0901, Train Accuracy: 97.16, Validation Loss: 0.3320, Validataion Accuracy: 91.68

2024-09-26 00:42:17,162 - INFO - Epoch 14/15
2024-09-26 01:08:53,402 - INFO - Epoch 14, Train Loss: 0.0866, Train Accuracy: 97.05, Validation Loss: 0.3320, Validataion Accuracy: 91.88

2024-09-26 01:09:18,540 - INFO - Epoch 15/15
2024-09-26 01:35:53,607 - INFO - Epoch 15, Train Loss: 0.0841, Train Accuracy: 97.09, Validation Loss: 0.3319, Validataion Accuracy: 91.81

2024-09-26 01:36:08,829 - INFO - Loading pretrained weights from Hugging Face hub (timm/eva_giant_patch14_336.clip_ft_in1k)
2024-09-26 01:36:09,386 - INFO - [timm/eva_giant_patch14_336.clip_ft_in1k] Safe alternative available for 'pytorch_model.bin' (as 'model.safetensors'). Loading weights using safetensors.
2024-09-26 01:36:09,832 - INFO - Missing keys (head.weight, head.bias) discovered while loading pretrained weights. This is expected if model is being adapted.
2024-09-26 01:36:10,690 - INFO - Epoch 1/15
2024-09-26 02:02:39,416 - INFO - Epoch 1, Train Loss: 1.6071, Train Accuracy: 68.86, Validation Loss: 0.5034, Validataion Accuracy: 86.25

2024-09-26 02:02:50,883 - INFO - Epoch 2/15
2024-09-26 02:29:19,711 - INFO - Epoch 2, Train Loss: 0.5793, Train Accuracy: 83.97, Validation Loss: 0.5193, Validataion Accuracy: 85.92

2024-09-26 02:29:19,712 - INFO - Epoch 3/15
2024-09-26 02:55:48,326 - INFO - Epoch 3, Train Loss: 0.4349, Train Accuracy: 86.87, Validation Loss: 0.4585, Validataion Accuracy: 87.32

2024-09-26 02:56:34,813 - INFO - Epoch 4/15
2024-09-26 03:23:05,131 - INFO - Epoch 4, Train Loss: 0.3585, Train Accuracy: 88.95, Validation Loss: 0.4689, Validataion Accuracy: 87.88

2024-09-26 03:23:29,486 - INFO - Epoch 5/15
2024-09-26 03:50:00,791 - INFO - Epoch 5, Train Loss: 0.3065, Train Accuracy: 90.34, Validation Loss: 0.4621, Validataion Accuracy: 88.25

2024-09-26 03:50:26,251 - INFO - Epoch 6/15
2024-09-26 04:16:56,859 - INFO - Epoch 6, Train Loss: 0.1945, Train Accuracy: 93.70, Validation Loss: 0.3602, Validataion Accuracy: 90.41

2024-09-26 04:17:47,161 - INFO - Epoch 7/15
2024-09-26 04:44:18,968 - INFO - Epoch 7, Train Loss: 0.1345, Train Accuracy: 95.52, Validation Loss: 0.3491, Validataion Accuracy: 90.65

2024-09-26 04:45:08,368 - INFO - Epoch 8/15
2024-09-26 05:11:39,045 - INFO - Epoch 8, Train Loss: 0.1208, Train Accuracy: 95.90, Validation Loss: 0.3459, Validataion Accuracy: 90.78

2024-09-26 05:12:30,895 - INFO - Epoch 9/15
2024-09-26 05:38:59,673 - INFO - Epoch 9, Train Loss: 0.1062, Train Accuracy: 96.25, Validation Loss: 0.3417, Validataion Accuracy: 91.08

2024-09-26 05:39:45,473 - INFO - Epoch 10/15
2024-09-26 06:06:15,427 - INFO - Epoch 10, Train Loss: 0.1022, Train Accuracy: 96.55, Validation Loss: 0.3408, Validataion Accuracy: 91.08

2024-09-26 06:06:39,418 - INFO - Epoch 11/15
2024-09-26 06:33:09,733 - INFO - Epoch 11, Train Loss: 0.0874, Train Accuracy: 97.01, Validation Loss: 0.3389, Validataion Accuracy: 91.18

2024-09-26 06:33:55,759 - INFO - Epoch 12/15
2024-09-26 07:00:29,015 - INFO - Epoch 12, Train Loss: 0.0855, Train Accuracy: 97.17, Validation Loss: 0.3377, Validataion Accuracy: 91.25

2024-09-26 07:01:14,833 - INFO - Epoch 13/15
2024-09-26 07:27:46,385 - INFO - Epoch 13, Train Loss: 0.0841, Train Accuracy: 97.30, Validation Loss: 0.3370, Validataion Accuracy: 91.25

2024-09-26 07:28:09,057 - INFO - Epoch 14/15
2024-09-26 07:54:42,261 - INFO - Epoch 14, Train Loss: 0.0793, Train Accuracy: 97.57, Validation Loss: 0.3375, Validataion Accuracy: 91.31

2024-09-26 07:55:05,046 - INFO - Epoch 15/15
2024-09-26 08:21:39,119 - INFO - Epoch 15, Train Loss: 0.0796, Train Accuracy: 97.48, Validation Loss: 0.3374, Validataion Accuracy: 91.25

