2024-09-16 12:51:00,383 - INFO - Epoch 1/50
2024-09-16 13:37:59,188 - INFO - Epoch 1, Train Loss: 0.7785, Train Accuracy: 83.42, Validation Loss: 0.4962, Validataion Accuracy: 87.52

2024-09-16 13:38:14,706 - INFO - Epoch 2/50
2024-09-16 14:25:16,584 - INFO - Epoch 2, Train Loss: 0.2422, Train Accuracy: 92.04, Validation Loss: 0.4432, Validataion Accuracy: 88.29

2024-09-16 14:26:01,680 - INFO - Epoch 3/50
2024-09-16 15:13:05,043 - INFO - Epoch 3, Train Loss: 0.1891, Train Accuracy: 93.77, Validation Loss: 0.4826, Validataion Accuracy: 88.52

2024-09-16 15:13:12,766 - INFO - Epoch 4/50
2024-09-16 16:00:12,808 - INFO - Epoch 4, Train Loss: 0.1652, Train Accuracy: 94.48, Validation Loss: 0.5208, Validataion Accuracy: 88.72

2024-09-16 16:00:21,056 - INFO - Epoch 5/50
2024-09-16 16:47:23,485 - INFO - Epoch 5, Train Loss: 0.1657, Train Accuracy: 94.52, Validation Loss: 0.5296, Validataion Accuracy: 88.72

2024-09-16 16:47:31,675 - INFO - Epoch 6/50
2024-09-16 17:34:29,618 - INFO - Epoch 6, Train Loss: 0.1455, Train Accuracy: 95.31, Validation Loss: 0.5426, Validataion Accuracy: 89.18

2024-09-16 17:34:37,930 - INFO - Epoch 7/50
2024-09-16 18:21:35,197 - INFO - Epoch 7, Train Loss: 0.1331, Train Accuracy: 95.72, Validation Loss: 0.5850, Validataion Accuracy: 88.99

2024-09-16 18:21:43,460 - INFO - Epoch 8/50
2024-09-16 19:08:44,620 - INFO - Epoch 8, Train Loss: 0.1254, Train Accuracy: 95.96, Validation Loss: 0.5390, Validataion Accuracy: 89.55

2024-09-16 19:08:52,933 - INFO - Early stopping at epoch 8
2024-09-16 19:09:09,128 - INFO - Loading pretrained weights from Hugging Face hub (timm/eva_giant_patch14_336.clip_ft_in1k)
2024-09-16 19:09:09,701 - INFO - [timm/eva_giant_patch14_336.clip_ft_in1k] Safe alternative available for 'pytorch_model.bin' (as 'model.safetensors'). Loading weights using safetensors.
2024-09-16 19:09:10,080 - INFO - Missing keys (head.weight, head.bias) discovered while loading pretrained weights. This is expected if model is being adapted.
-------------------------------------------------------------------------------------------------
2024-09-16 19:43:17,232 - INFO - Epoch 1/50
2024-09-17 14:37:17,465 - INFO - Epoch 1/50
2024-09-17 16:10:18,593 - INFO - Epoch 1, Train Loss: 1.0876, Train Accuracy: 77.12, Validation Loss: 0.4757, Validataion Accuracy: 86.32

2024-09-17 16:10:33,820 - INFO - Epoch 2/50
2024-09-17 17:44:19,962 - INFO - Epoch 2, Train Loss: 0.5040, Train Accuracy: 86.06, Validation Loss: 0.4614, Validataion Accuracy: 87.55

2024-09-17 17:45:04,960 - INFO - Epoch 3/50
2024-09-17 19:18:19,115 - INFO - Epoch 3, Train Loss: 0.4087, Train Accuracy: 88.39, Validation Loss: 0.4620, Validataion Accuracy: 88.35

2024-09-17 19:18:25,011 - INFO - Epoch 4/50
2024-09-17 20:51:08,050 - INFO - Epoch 4, Train Loss: 0.3627, Train Accuracy: 89.73, Validation Loss: 0.4767, Validataion Accuracy: 88.85

2024-09-17 20:51:14,315 - INFO - Epoch 5/50
2024-09-17 22:24:30,848 - INFO - Epoch 5, Train Loss: 0.2272, Train Accuracy: 93.11, Validation Loss: 0.3637, Validataion Accuracy: 90.98

2024-09-17 22:25:15,969 - INFO - Epoch 6/50
2024-09-17 23:58:41,591 - INFO - Epoch 6, Train Loss: 0.1759, Train Accuracy: 94.64, Validation Loss: 0.3547, Validataion Accuracy: 91.21

2024-09-17 23:59:26,509 - INFO - Epoch 7/50
2024-09-18 01:32:41,970 - INFO - Epoch 7, Train Loss: 0.1611, Train Accuracy: 95.01, Validation Loss: 0.3518, Validataion Accuracy: 91.18

2024-09-18 01:33:26,813 - INFO - Epoch 8/50
2024-09-18 03:07:04,800 - INFO - Epoch 8, Train Loss: 0.1549, Train Accuracy: 95.21, Validation Loss: 0.3578, Validataion Accuracy: 91.35

2024-09-18 03:07:11,120 - INFO - Early stopping at epoch 8
2024-09-18 03:07:27,325 - INFO - Loading pretrained weights from Hugging Face hub (timm/eva_giant_patch14_336.clip_ft_in1k)
2024-09-18 03:07:32,760 - INFO - [timm/eva_giant_patch14_336.clip_ft_in1k] Safe alternative available for 'pytorch_model.bin' (as 'model.safetensors'). Loading weights using safetensors.
2024-09-18 03:07:32,982 - INFO - Missing keys (head.weight, head.bias) discovered while loading pretrained weights. This is expected if model is being adapted.
